{"/home/travis/build/npmtest/node-npmtest-webpack-spritesmith/test.js":{"path":"/home/travis/build/npmtest/node-npmtest-webpack-spritesmith/test.js","s":{"1":2,"2":2,"3":2,"4":2,"5":2,"6":2,"7":2,"8":1,"9":2,"10":2,"11":1,"12":1,"13":1,"14":1,"15":2,"16":2,"17":2,"18":2,"19":1,"20":1,"21":2,"22":2,"23":2,"24":1,"25":1,"26":1,"27":1,"28":1,"29":1,"30":1,"31":1,"32":1,"33":1,"34":1,"35":1,"36":1,"37":1,"38":1,"39":2,"40":2,"41":1,"42":2,"43":2,"44":1,"45":2,"46":2,"47":1,"48":2,"49":2,"50":1,"51":1,"52":1,"53":1,"54":1},"b":{"1":[2,1,1,1],"2":[1,1,1,1],"3":[1,1],"4":[1,1],"5":[1,1],"6":[1,1],"7":[1,1],"8":[1,1],"9":[1,1],"10":[1,1,1],"11":[1,1],"12":[1,1],"13":[1,1],"14":[1,1],"15":[1,1],"16":[1,1],"17":[1,1]},"f":{"1":2,"2":2,"3":2,"4":2,"5":2,"6":1,"7":1,"8":1,"9":2,"10":2,"11":2,"12":2,"13":1},"fnMap":{"1":{"name":"(anonymous_1)","line":12,"loc":{"start":{"line":12,"column":1},"end":{"line":12,"column":13}}},"2":{"name":"(anonymous_2)","line":19,"loc":{"start":{"line":19,"column":5},"end":{"line":19,"column":17}}},"3":{"name":"(anonymous_3)","line":23,"loc":{"start":{"line":23,"column":24},"end":{"line":23,"column":36}}},"4":{"name":"(anonymous_4)","line":61,"loc":{"start":{"line":61,"column":5},"end":{"line":61,"column":17}}},"5":{"name":"(anonymous_5)","line":82,"loc":{"start":{"line":82,"column":5},"end":{"line":82,"column":17}}},"6":{"name":"(anonymous_6)","line":91,"loc":{"start":{"line":91,"column":77},"end":{"line":94,"column":10}}},"7":{"name":"(anonymous_7)","line":112,"loc":{"start":{"line":112,"column":83},"end":{"line":115,"column":10}},"skip":true},"8":{"name":"(anonymous_8)","line":123,"loc":{"start":{"line":123,"column":77},"end":{"line":126,"column":10}},"skip":true},"9":{"name":"(anonymous_9)","line":139,"loc":{"start":{"line":139,"column":12},"end":{"line":139,"column":40}},"skip":true},"10":{"name":"(anonymous_10)","line":147,"loc":{"start":{"line":147,"column":77},"end":{"line":150,"column":10}},"skip":true},"11":{"name":"(anonymous_11)","line":158,"loc":{"start":{"line":158,"column":83},"end":{"line":161,"column":10}},"skip":true},"12":{"name":"(anonymous_12)","line":169,"loc":{"start":{"line":169,"column":79},"end":{"line":172,"column":10}},"skip":true},"13":{"name":"(anonymous_13)","line":180,"loc":{"start":{"line":180,"column":75},"end":{"line":183,"column":10}},"skip":true}},"statementMap":{"1":{"start":{"line":12,"column":0},"end":{"line":195,"column":5}},"2":{"start":{"line":14,"column":4},"end":{"line":14,"column":14}},"3":{"start":{"line":19,"column":4},"end":{"line":56,"column":9}},"4":{"start":{"line":21,"column":8},"end":{"line":21,"column":19}},"5":{"start":{"line":23,"column":8},"end":{"line":35,"column":13}},"6":{"start":{"line":24,"column":12},"end":{"line":34,"column":13}},"7":{"start":{"line":25,"column":16},"end":{"line":28,"column":30}},"8":{"start":{"line":30,"column":16},"end":{"line":33,"column":27}},"9":{"start":{"line":37,"column":8},"end":{"line":39,"column":21}},"10":{"start":{"line":40,"column":8},"end":{"line":53,"column":9}},"11":{"start":{"line":43,"column":12},"end":{"line":46,"column":14}},"12":{"start":{"line":47,"column":12},"end":{"line":47,"column":18}},"13":{"start":{"line":50,"column":12},"end":{"line":51,"column":46}},"14":{"start":{"line":52,"column":12},"end":{"line":52,"column":18}},"15":{"start":{"line":55,"column":8},"end":{"line":55,"column":35}},"16":{"start":{"line":61,"column":4},"end":{"line":63,"column":9}},"17":{"start":{"line":62,"column":8},"end":{"line":62,"column":15}},"18":{"start":{"line":64,"column":4},"end":{"line":77,"column":5}},"19":{"start":{"line":70,"column":8},"end":{"line":70,"column":14}},"20":{"start":{"line":76,"column":8},"end":{"line":76,"column":14}},"21":{"start":{"line":82,"column":4},"end":{"line":84,"column":9}},"22":{"start":{"line":83,"column":8},"end":{"line":83,"column":15}},"23":{"start":{"line":85,"column":4},"end":{"line":194,"column":5}},"24":{"start":{"line":91,"column":8},"end":{"line":99,"column":10}},"25":{"start":{"line":98,"column":12},"end":{"line":98,"column":35}},"26":{"start":{"line":102,"column":8},"end":{"line":104,"column":63}},"27":{"start":{"line":105,"column":8},"end":{"line":105,"column":14}},"28":{"start":{"line":112,"column":8},"end":{"line":121,"column":10},"skip":true},"29":{"start":{"line":119,"column":12},"end":{"line":119,"column":55},"skip":true},"30":{"start":{"line":120,"column":12},"end":{"line":120,"column":48},"skip":true},"31":{"start":{"line":123,"column":8},"end":{"line":136,"column":10},"skip":true},"32":{"start":{"line":130,"column":12},"end":{"line":130,"column":76},"skip":true},"33":{"start":{"line":131,"column":12},"end":{"line":131,"column":73},"skip":true},"34":{"start":{"line":132,"column":12},"end":{"line":132,"column":74},"skip":true},"35":{"start":{"line":133,"column":12},"end":{"line":133,"column":79},"skip":true},"36":{"start":{"line":134,"column":12},"end":{"line":134,"column":25},"skip":true},"37":{"start":{"line":135,"column":12},"end":{"line":135,"column":45},"skip":true},"38":{"start":{"line":138,"column":8},"end":{"line":145,"column":14},"skip":true},"39":{"start":{"line":143,"column":16},"end":{"line":143,"column":29},"skip":true},"40":{"start":{"line":144,"column":16},"end":{"line":144,"column":55},"skip":true},"41":{"start":{"line":147,"column":8},"end":{"line":156,"column":10},"skip":true},"42":{"start":{"line":154,"column":12},"end":{"line":154,"column":25},"skip":true},"43":{"start":{"line":155,"column":12},"end":{"line":155,"column":45},"skip":true},"44":{"start":{"line":158,"column":8},"end":{"line":167,"column":10},"skip":true},"45":{"start":{"line":165,"column":12},"end":{"line":165,"column":25},"skip":true},"46":{"start":{"line":166,"column":12},"end":{"line":166,"column":48},"skip":true},"47":{"start":{"line":169,"column":8},"end":{"line":178,"column":10},"skip":true},"48":{"start":{"line":176,"column":12},"end":{"line":176,"column":25},"skip":true},"49":{"start":{"line":177,"column":12},"end":{"line":177,"column":46},"skip":true},"50":{"start":{"line":180,"column":8},"end":{"line":189,"column":10},"skip":true},"51":{"start":{"line":187,"column":12},"end":{"line":187,"column":94},"skip":true},"52":{"start":{"line":188,"column":12},"end":{"line":188,"column":48},"skip":true},"53":{"start":{"line":192,"column":8},"end":{"line":192,"column":35},"skip":true},"54":{"start":{"line":193,"column":8},"end":{"line":193,"column":14},"skip":true}},"branchMap":{"1":{"line":25,"type":"binary-expr","locations":[{"start":{"line":25,"column":23},"end":{"line":25,"column":62}},{"start":{"line":26,"column":20},"end":{"line":26,"column":70}},{"start":{"line":27,"column":20},"end":{"line":27,"column":71}},{"start":{"line":28,"column":20},"end":{"line":28,"column":29}}]},"2":{"line":30,"type":"binary-expr","locations":[{"start":{"line":30,"column":23},"end":{"line":30,"column":37}},{"start":{"line":31,"column":20},"end":{"line":31,"column":61}},{"start":{"line":32,"column":20},"end":{"line":32,"column":70}},{"start":{"line":33,"column":20},"end":{"line":33,"column":26}}]},"3":{"line":37,"type":"cond-expr","locations":[{"start":{"line":38,"column":14},"end":{"line":38,"column":20}},{"start":{"line":39,"column":14},"end":{"line":39,"column":20}}]},"4":{"line":40,"type":"switch","locations":[{"start":{"line":42,"column":8},"end":{"line":47,"column":18}},{"start":{"line":49,"column":8},"end":{"line":52,"column":18}}]},"5":{"line":44,"type":"binary-expr","locations":[{"start":{"line":44,"column":16},"end":{"line":44,"column":44}},{"start":{"line":44,"column":48},"end":{"line":44,"column":66}}]},"6":{"line":50,"type":"binary-expr","locations":[{"start":{"line":50,"column":21},"end":{"line":50,"column":49}},{"start":{"line":50,"column":53},"end":{"line":50,"column":72}}]},"7":{"line":64,"type":"switch","locations":[{"start":{"line":69,"column":4},"end":{"line":70,"column":14}},{"start":{"line":75,"column":4},"end":{"line":76,"column":14}}]},"8":{"line":85,"type":"switch","locations":[{"start":{"line":90,"column":4},"end":{"line":105,"column":14}},{"start":{"line":111,"column":4},"end":{"line":193,"column":14},"skip":true}]},"9":{"line":91,"type":"binary-expr","locations":[{"start":{"line":91,"column":42},"end":{"line":91,"column":73}},{"start":{"line":91,"column":77},"end":{"line":99,"column":9}}]},"10":{"line":102,"type":"binary-expr","locations":[{"start":{"line":102,"column":18},"end":{"line":102,"column":32}},{"start":{"line":103,"column":12},"end":{"line":103,"column":53}},{"start":{"line":104,"column":12},"end":{"line":104,"column":61}}]},"11":{"line":112,"type":"binary-expr","locations":[{"start":{"line":112,"column":45},"end":{"line":112,"column":79},"skip":true},{"start":{"line":112,"column":83},"end":{"line":121,"column":9},"skip":true}]},"12":{"line":123,"type":"binary-expr","locations":[{"start":{"line":123,"column":42},"end":{"line":123,"column":73},"skip":true},{"start":{"line":123,"column":77},"end":{"line":136,"column":9},"skip":true}]},"13":{"line":138,"type":"binary-expr","locations":[{"start":{"line":138,"column":48},"end":{"line":138,"column":85},"skip":true},{"start":{"line":139,"column":12},"end":{"line":145,"column":13},"skip":true}]},"14":{"line":147,"type":"binary-expr","locations":[{"start":{"line":147,"column":42},"end":{"line":147,"column":73},"skip":true},{"start":{"line":147,"column":77},"end":{"line":156,"column":9},"skip":true}]},"15":{"line":158,"type":"binary-expr","locations":[{"start":{"line":158,"column":45},"end":{"line":158,"column":79},"skip":true},{"start":{"line":158,"column":83},"end":{"line":167,"column":9},"skip":true}]},"16":{"line":169,"type":"binary-expr","locations":[{"start":{"line":169,"column":43},"end":{"line":169,"column":75},"skip":true},{"start":{"line":169,"column":79},"end":{"line":178,"column":9},"skip":true}]},"17":{"line":180,"type":"binary-expr","locations":[{"start":{"line":180,"column":41},"end":{"line":180,"column":71},"skip":true},{"start":{"line":180,"column":75},"end":{"line":189,"column":9},"skip":true}]}},"code":["/* istanbul instrument in package npmtest_webpack_spritesmith */","/*jslint","    bitwise: true,","    browser: true,","    maxerr: 8,","    maxlen: 96,","    node: true,","    nomen: true,","    regexp: true,","    stupid: true","*/","(function () {","    'use strict';","    var local;","","","","    // run shared js-env code - pre-init","    (function () {","        // init local","        local = {};","        // init modeJs","        local.modeJs = (function () {","            try {","                return typeof navigator.userAgent === 'string' &&","                    typeof document.querySelector('body') === 'object' &&","                    typeof XMLHttpRequest.prototype.open === 'function' &&","                    'browser';","            } catch (errorCaughtBrowser) {","                return module.exports &&","                    typeof process.versions.node === 'string' &&","                    typeof require('http').createServer === 'function' &&","                    'node';","            }","        }());","        // init global","        local.global = local.modeJs === 'browser'","            ? window","            : global;","        switch (local.modeJs) {","        // re-init local from window.local","        case 'browser':","            local = local.global.utility2.objectSetDefault(","                local.global.utility2_rollup || local.global.local,","                local.global.utility2","            );","            break;","        // re-init local from example.js","        case 'node':","            local = (local.global.utility2_rollup || require('utility2'))","                .requireExampleJsFromReadme();","            break;","        }","        // export local","        local.global.local = local;","    }());","","","","    // run shared js-env code - function","    (function () {","        return;","    }());","    switch (local.modeJs) {","","","","    // run browser js-env code - function","    case 'browser':","        break;","","","","    // run node js-env code - function","    case 'node':","        break;","    }","","","","    // run shared js-env code - post-init","    (function () {","        return;","    }());","    switch (local.modeJs) {","","","","    // run browser js-env code - post-init","    case 'browser':","        local.testCase_browser_nullCase = local.testCase_browser_nullCase || function (","            options,","            onError","        ) {","        /*","         * this function will test browsers's null-case handling-behavior-behavior","         */","            onError(null, options);","        };","","        // run tests","        local.nop(local.modeTest &&","            document.querySelector('#testRunButton1') &&","            document.querySelector('#testRunButton1').click());","        break;","","","","    // run node js-env code - post-init","    /* istanbul ignore next */","    case 'node':","        local.testCase_buildApidoc_default = local.testCase_buildApidoc_default || function (","            options,","            onError","        ) {","        /*","         * this function will test buildApidoc's default handling-behavior-behavior","         */","            options = { modulePathList: module.paths };","            local.buildApidoc(options, onError);","        };","","        local.testCase_buildApp_default = local.testCase_buildApp_default || function (","            options,","            onError","        ) {","        /*","         * this function will test buildApp's default handling-behavior-behavior","         */","            local.testCase_buildReadme_default(options, local.onErrorThrow);","            local.testCase_buildLib_default(options, local.onErrorThrow);","            local.testCase_buildTest_default(options, local.onErrorThrow);","            local.testCase_buildCustomOrg_default(options, local.onErrorThrow);","            options = [];","            local.buildApp(options, onError);","        };","","        local.testCase_buildCustomOrg_default = local.testCase_buildCustomOrg_default ||","            function (options, onError) {","            /*","             * this function will test buildCustomOrg's default handling-behavior","             */","                options = {};","                local.buildCustomOrg(options, onError);","            };","","        local.testCase_buildLib_default = local.testCase_buildLib_default || function (","            options,","            onError","        ) {","        /*","         * this function will test buildLib's default handling-behavior","         */","            options = {};","            local.buildLib(options, onError);","        };","","        local.testCase_buildReadme_default = local.testCase_buildReadme_default || function (","            options,","            onError","        ) {","        /*","         * this function will test buildReadme's default handling-behavior-behavior","         */","            options = {};","            local.buildReadme(options, onError);","        };","","        local.testCase_buildTest_default = local.testCase_buildTest_default || function (","            options,","            onError","        ) {","        /*","         * this function will test buildTest's default handling-behavior","         */","            options = {};","            local.buildTest(options, onError);","        };","","        local.testCase_webpage_default = local.testCase_webpage_default || function (","            options,","            onError","        ) {","        /*","         * this function will test webpage's default handling-behavior","         */","            options = { modeCoverageMerge: true, url: local.serverLocalHost + '?modeTest=1' };","            local.browserTest(options, onError);","        };","","        // run test-server","        local.testRunServer(local);","        break;","    }","}());",""],"l":{"12":2,"14":2,"19":2,"21":2,"23":2,"24":2,"25":2,"30":1,"37":2,"40":2,"43":1,"47":1,"50":1,"52":1,"55":2,"61":2,"62":2,"64":2,"70":1,"76":1,"82":2,"83":2,"85":2,"91":1,"98":1,"102":1,"105":1,"112":1,"119":1,"120":1,"123":1,"130":1,"131":1,"132":1,"133":1,"134":1,"135":1,"138":1,"143":2,"144":2,"147":1,"154":2,"155":2,"158":1,"165":2,"166":2,"169":1,"176":2,"177":2,"180":1,"187":1,"188":1,"192":1,"193":1}},"/home/travis/build/npmtest/node-npmtest-webpack-spritesmith/lib.npmtest_webpack_spritesmith.js":{"path":"/home/travis/build/npmtest/node-npmtest-webpack-spritesmith/lib.npmtest_webpack_spritesmith.js","s":{"1":2,"2":2,"3":2,"4":2,"5":2,"6":2,"7":2,"8":1,"9":2,"10":2,"11":2,"12":2,"13":1,"14":1,"15":1,"16":1},"b":{"1":[2,1,1,1],"2":[1,1,1,1],"3":[1,1],"4":[2,2],"5":[1,1]},"f":{"1":2,"2":2,"3":2},"fnMap":{"1":{"name":"(anonymous_1)","line":12,"loc":{"start":{"line":12,"column":1},"end":{"line":12,"column":13}}},"2":{"name":"(anonymous_2)","line":19,"loc":{"start":{"line":19,"column":5},"end":{"line":19,"column":17}}},"3":{"name":"(anonymous_3)","line":23,"loc":{"start":{"line":23,"column":24},"end":{"line":23,"column":36}}}},"statementMap":{"1":{"start":{"line":12,"column":0},"end":{"line":53,"column":5}},"2":{"start":{"line":14,"column":4},"end":{"line":14,"column":14}},"3":{"start":{"line":19,"column":4},"end":{"line":52,"column":9}},"4":{"start":{"line":21,"column":8},"end":{"line":21,"column":19}},"5":{"start":{"line":23,"column":8},"end":{"line":35,"column":13}},"6":{"start":{"line":24,"column":12},"end":{"line":34,"column":13}},"7":{"start":{"line":25,"column":16},"end":{"line":28,"column":30}},"8":{"start":{"line":30,"column":16},"end":{"line":33,"column":27}},"9":{"start":{"line":37,"column":8},"end":{"line":39,"column":21}},"10":{"start":{"line":41,"column":8},"end":{"line":41,"column":54}},"11":{"start":{"line":43,"column":8},"end":{"line":43,"column":64}},"12":{"start":{"line":45,"column":8},"end":{"line":51,"column":9}},"13":{"start":{"line":46,"column":12},"end":{"line":46,"column":70}},"14":{"start":{"line":48,"column":12},"end":{"line":48,"column":35}},"15":{"start":{"line":49,"column":12},"end":{"line":49,"column":49}},"16":{"start":{"line":50,"column":12},"end":{"line":50,"column":43}}},"branchMap":{"1":{"line":25,"type":"binary-expr","locations":[{"start":{"line":25,"column":23},"end":{"line":25,"column":62}},{"start":{"line":26,"column":20},"end":{"line":26,"column":70}},{"start":{"line":27,"column":20},"end":{"line":27,"column":71}},{"start":{"line":28,"column":20},"end":{"line":28,"column":29}}]},"2":{"line":30,"type":"binary-expr","locations":[{"start":{"line":30,"column":23},"end":{"line":30,"column":37}},{"start":{"line":31,"column":20},"end":{"line":31,"column":61}},{"start":{"line":32,"column":20},"end":{"line":32,"column":70}},{"start":{"line":33,"column":20},"end":{"line":33,"column":26}}]},"3":{"line":37,"type":"cond-expr","locations":[{"start":{"line":38,"column":14},"end":{"line":38,"column":20}},{"start":{"line":39,"column":14},"end":{"line":39,"column":20}}]},"4":{"line":41,"type":"binary-expr","locations":[{"start":{"line":41,"column":16},"end":{"line":41,"column":44}},{"start":{"line":41,"column":48},"end":{"line":41,"column":53}}]},"5":{"line":45,"type":"if","locations":[{"start":{"line":45,"column":8},"end":{"line":45,"column":8}},{"start":{"line":45,"column":8},"end":{"line":45,"column":8}}]}},"code":["/* istanbul instrument in package npmtest_webpack_spritesmith */","/*jslint","    bitwise: true,","    browser: true,","    maxerr: 8,","    maxlen: 96,","    node: true,","    nomen: true,","    regexp: true,","    stupid: true","*/","(function () {","    'use strict';","    var local;","","","","    // run shared js-env code - pre-init","    (function () {","        // init local","        local = {};","        // init modeJs","        local.modeJs = (function () {","            try {","                return typeof navigator.userAgent === 'string' &&","                    typeof document.querySelector('body') === 'object' &&","                    typeof XMLHttpRequest.prototype.open === 'function' &&","                    'browser';","            } catch (errorCaughtBrowser) {","                return module.exports &&","                    typeof process.versions.node === 'string' &&","                    typeof require('http').createServer === 'function' &&","                    'node';","            }","        }());","        // init global","        local.global = local.modeJs === 'browser'","            ? window","            : global;","        // init utility2_rollup","        local = local.global.utility2_rollup || local;","        // init lib","        local.local = local.npmtest_webpack_spritesmith = local;","        // init exports","        if (local.modeJs === 'browser') {","            local.global.utility2_npmtest_webpack_spritesmith = local;","        } else {","            module.exports = local;","            module.exports.__dirname = __dirname;","            module.exports.module = module;","        }","    }());","}());",""],"l":{"12":2,"14":2,"19":2,"21":2,"23":2,"24":2,"25":2,"30":1,"37":2,"41":2,"43":2,"45":2,"46":1,"48":1,"49":1,"50":1}},"/home/travis/build/npmtest/node-npmtest-webpack-spritesmith/example.js":{"path":"/home/travis/build/npmtest/node-npmtest-webpack-spritesmith/example.js","s":{"1":2,"2":2,"3":2,"4":2,"5":2,"6":2,"7":2,"8":1,"9":2,"10":2,"11":2,"12":2,"13":1,"14":2,"15":2,"16":2,"17":2,"18":2,"19":0,"20":2,"21":1,"22":1,"23":1,"24":1,"25":1,"26":0,"27":0,"28":1,"29":1,"30":2,"31":0,"32":0,"33":0,"34":1,"35":2,"36":2,"37":3,"38":3,"39":3,"40":3,"41":0,"42":3,"43":3,"44":3,"45":1,"46":3,"47":1,"48":1,"49":1,"50":1,"51":1,"52":1,"53":1,"54":1,"55":1,"56":1,"57":0,"58":1,"59":6,"60":6,"61":1,"62":2,"63":0,"64":2,"65":1,"66":1,"67":0,"68":0,"69":0,"70":0,"71":0,"72":0,"73":0,"74":0,"75":0,"76":0,"77":0,"78":0,"79":0,"80":0,"81":0,"82":0,"83":0},"b":{"1":[2,1,1,1],"2":[1,1,1,1],"3":[1,1],"4":[2,2],"5":[1,1],"6":[1,1],"7":[2,0],"8":[2,1,1,1,1,1],"9":[0,2,0],"10":[1,1],"11":[2,1,1],"12":[1,0],"13":[0,2],"14":[2,0,0,0,0,0,0],"15":[0,3],"16":[3,0],"17":[1,1],"18":[0,1],"19":[1,2,0,2],"20":[1,0],"21":[1,1],"22":[0,0],"23":[0,0],"24":[0,0],"25":[0,0],"26":[0,0],"27":[0,0],"28":[0,0]},"f":{"1":2,"2":2,"3":2,"4":2,"5":2,"6":2,"7":3,"8":3,"9":3,"10":1,"11":6,"12":0},"fnMap":{"1":{"name":"(anonymous_1)","line":26,"loc":{"start":{"line":26,"column":1},"end":{"line":26,"column":13}}},"2":{"name":"(anonymous_2)","line":33,"loc":{"start":{"line":33,"column":5},"end":{"line":33,"column":17}}},"3":{"name":"(anonymous_3)","line":37,"loc":{"start":{"line":37,"column":24},"end":{"line":37,"column":36}}},"4":{"name":"(anonymous_4)","line":69,"loc":{"start":{"line":69,"column":31},"end":{"line":69,"column":48}},"skip":true},"5":{"name":"(anonymous_5)","line":78,"loc":{"start":{"line":78,"column":26},"end":{"line":78,"column":45}},"skip":true},"6":{"name":"(anonymous_6)","line":123,"loc":{"start":{"line":123,"column":33},"end":{"line":123,"column":48}},"skip":true},"7":{"name":"(anonymous_7)","line":125,"loc":{"start":{"line":125,"column":27},"end":{"line":125,"column":39}},"skip":true},"8":{"name":"(anonymous_8)","line":133,"loc":{"start":{"line":133,"column":59},"end":{"line":133,"column":74}},"skip":true},"9":{"name":"(anonymous_9)","line":143,"loc":{"start":{"line":143,"column":45},"end":{"line":143,"column":62}},"skip":true},"10":{"name":"(anonymous_10)","line":144,"loc":{"start":{"line":144,"column":73},"end":{"line":144,"column":92}},"skip":true},"11":{"name":"(anonymous_11)","line":272,"loc":{"start":{"line":272,"column":51},"end":{"line":272,"column":77}},"skip":true},"12":{"name":"(anonymous_12)","line":315,"loc":{"start":{"line":315,"column":32},"end":{"line":315,"column":61}},"skip":true}},"statementMap":{"1":{"start":{"line":26,"column":0},"end":{"line":326,"column":5}},"2":{"start":{"line":28,"column":4},"end":{"line":28,"column":14}},"3":{"start":{"line":33,"column":4},"end":{"line":60,"column":9}},"4":{"start":{"line":35,"column":8},"end":{"line":35,"column":19}},"5":{"start":{"line":37,"column":8},"end":{"line":49,"column":13}},"6":{"start":{"line":38,"column":12},"end":{"line":48,"column":13}},"7":{"start":{"line":39,"column":16},"end":{"line":42,"column":30}},"8":{"start":{"line":44,"column":16},"end":{"line":47,"column":27}},"9":{"start":{"line":51,"column":8},"end":{"line":53,"column":21}},"10":{"start":{"line":55,"column":8},"end":{"line":57,"column":45}},"11":{"start":{"line":59,"column":8},"end":{"line":59,"column":35}},"12":{"start":{"line":61,"column":4},"end":{"line":325,"column":5}},"13":{"start":{"line":69,"column":8},"end":{"line":121,"column":10},"skip":true},"14":{"start":{"line":70,"column":12},"end":{"line":88,"column":13},"skip":true},"15":{"start":{"line":76,"column":16},"end":{"line":87,"column":19},"skip":true},"16":{"start":{"line":79,"column":20},"end":{"line":86,"column":21},"skip":true},"17":{"start":{"line":82,"column":24},"end":{"line":82,"column":43},"skip":true},"18":{"start":{"line":83,"column":24},"end":{"line":83,"column":30},"skip":true},"19":{"start":{"line":85,"column":24},"end":{"line":85,"column":49},"skip":true},"20":{"start":{"line":89,"column":12},"end":{"line":107,"column":13},"skip":true},"21":{"start":{"line":92,"column":16},"end":{"line":102,"column":17},"skip":true},"22":{"start":{"line":93,"column":20},"end":{"line":93,"column":86},"skip":true},"23":{"start":{"line":94,"column":20},"end":{"line":95,"column":45},"skip":true},"24":{"start":{"line":96,"column":20},"end":{"line":96,"column":42},"skip":true},"25":{"start":{"line":97,"column":20},"end":{"line":97,"column":48},"skip":true},"26":{"start":{"line":100,"column":20},"end":{"line":100,"column":85},"skip":true},"27":{"start":{"line":101,"column":20},"end":{"line":101,"column":96},"skip":true},"28":{"start":{"line":103,"column":16},"end":{"line":103,"column":22},"skip":true},"29":{"start":{"line":106,"column":16},"end":{"line":106,"column":22},"skip":true},"30":{"start":{"line":108,"column":12},"end":{"line":120,"column":13},"skip":true},"31":{"start":{"line":114,"column":16},"end":{"line":119,"column":17},"skip":true},"32":{"start":{"line":116,"column":20},"end":{"line":116,"column":78},"skip":true},"33":{"start":{"line":118,"column":20},"end":{"line":118,"column":47},"skip":true},"34":{"start":{"line":123,"column":8},"end":{"line":141,"column":11},"skip":true},"35":{"start":{"line":124,"column":12},"end":{"line":124,"column":54},"skip":true},"36":{"start":{"line":125,"column":12},"end":{"line":140,"column":14},"skip":true},"37":{"start":{"line":126,"column":16},"end":{"line":126,"column":28},"skip":true},"38":{"start":{"line":127,"column":16},"end":{"line":127,"column":69},"skip":true},"39":{"start":{"line":128,"column":16},"end":{"line":128,"column":75},"skip":true},"40":{"start":{"line":129,"column":16},"end":{"line":131,"column":17},"skip":true},"41":{"start":{"line":130,"column":20},"end":{"line":130,"column":27},"skip":true},"42":{"start":{"line":133,"column":16},"end":{"line":137,"column":36},"skip":true},"43":{"start":{"line":134,"column":20},"end":{"line":136,"column":55},"skip":true},"44":{"start":{"line":139,"column":16},"end":{"line":139,"column":57},"skip":true},"45":{"start":{"line":143,"column":8},"end":{"line":147,"column":11},"skip":true},"46":{"start":{"line":144,"column":12},"end":{"line":146,"column":15},"skip":true},"47":{"start":{"line":145,"column":16},"end":{"line":145,"column":70},"skip":true},"48":{"start":{"line":149,"column":8},"end":{"line":149,"column":31},"skip":true},"49":{"start":{"line":150,"column":8},"end":{"line":150,"column":14},"skip":true},"50":{"start":{"line":158,"column":8},"end":{"line":158,"column":31},"skip":true},"51":{"start":{"line":160,"column":8},"end":{"line":160,"column":33},"skip":true},"52":{"start":{"line":161,"column":8},"end":{"line":161,"column":37},"skip":true},"53":{"start":{"line":162,"column":8},"end":{"line":162,"column":35},"skip":true},"54":{"start":{"line":164,"column":8},"end":{"line":164,"column":50},"skip":true},"55":{"start":{"line":166,"column":8},"end":{"line":256,"column":2},"skip":true},"56":{"start":{"line":258,"column":8},"end":{"line":286,"column":9},"skip":true},"57":{"start":{"line":259,"column":12},"end":{"line":269,"column":14},"skip":true},"58":{"start":{"line":271,"column":12},"end":{"line":285,"column":19},"skip":true},"59":{"start":{"line":274,"column":20},"end":{"line":274,"column":35},"skip":true},"60":{"start":{"line":275,"column":20},"end":{"line":284,"column":21},"skip":true},"61":{"start":{"line":277,"column":24},"end":{"line":277,"column":64},"skip":true},"62":{"start":{"line":279,"column":24},"end":{"line":279,"column":40},"skip":true},"63":{"start":{"line":281,"column":24},"end":{"line":281,"column":40},"skip":true},"64":{"start":{"line":283,"column":24},"end":{"line":283,"column":39},"skip":true},"65":{"start":{"line":288,"column":8},"end":{"line":290,"column":9},"skip":true},"66":{"start":{"line":289,"column":12},"end":{"line":289,"column":18},"skip":true},"67":{"start":{"line":291,"column":8},"end":{"line":293,"column":54},"skip":true},"68":{"start":{"line":296,"column":8},"end":{"line":301,"column":37},"skip":true},"69":{"start":{"line":303,"column":8},"end":{"line":303,"column":82},"skip":true},"70":{"start":{"line":306,"column":8},"end":{"line":308,"column":9},"skip":true},"71":{"start":{"line":307,"column":12},"end":{"line":307,"column":82},"skip":true},"72":{"start":{"line":310,"column":8},"end":{"line":312,"column":9},"skip":true},"73":{"start":{"line":311,"column":12},"end":{"line":311,"column":18},"skip":true},"74":{"start":{"line":313,"column":8},"end":{"line":313,"column":54},"skip":true},"75":{"start":{"line":314,"column":8},"end":{"line":314,"column":69},"skip":true},"76":{"start":{"line":315,"column":8},"end":{"line":323,"column":36},"skip":true},"77":{"start":{"line":316,"column":12},"end":{"line":316,"column":61},"skip":true},"78":{"start":{"line":317,"column":12},"end":{"line":320,"column":13},"skip":true},"79":{"start":{"line":318,"column":16},"end":{"line":318,"column":75},"skip":true},"80":{"start":{"line":319,"column":16},"end":{"line":319,"column":23},"skip":true},"81":{"start":{"line":321,"column":12},"end":{"line":321,"column":38},"skip":true},"82":{"start":{"line":322,"column":12},"end":{"line":322,"column":27},"skip":true},"83":{"start":{"line":324,"column":8},"end":{"line":324,"column":14},"skip":true}},"branchMap":{"1":{"line":39,"type":"binary-expr","locations":[{"start":{"line":39,"column":23},"end":{"line":39,"column":62}},{"start":{"line":40,"column":20},"end":{"line":40,"column":70}},{"start":{"line":41,"column":20},"end":{"line":41,"column":71}},{"start":{"line":42,"column":20},"end":{"line":42,"column":29}}]},"2":{"line":44,"type":"binary-expr","locations":[{"start":{"line":44,"column":23},"end":{"line":44,"column":37}},{"start":{"line":45,"column":20},"end":{"line":45,"column":61}},{"start":{"line":46,"column":20},"end":{"line":46,"column":70}},{"start":{"line":47,"column":20},"end":{"line":47,"column":26}}]},"3":{"line":51,"type":"cond-expr","locations":[{"start":{"line":52,"column":14},"end":{"line":52,"column":20}},{"start":{"line":53,"column":14},"end":{"line":53,"column":20}}]},"4":{"line":55,"type":"binary-expr","locations":[{"start":{"line":55,"column":16},"end":{"line":55,"column":44}},{"start":{"line":55,"column":49},"end":{"line":57,"column":43}}]},"5":{"line":55,"type":"cond-expr","locations":[{"start":{"line":56,"column":14},"end":{"line":56,"column":63}},{"start":{"line":57,"column":14},"end":{"line":57,"column":43}}]},"6":{"line":61,"type":"switch","locations":[{"start":{"line":68,"column":4},"end":{"line":150,"column":14},"skip":true},{"start":{"line":156,"column":4},"end":{"line":324,"column":14},"skip":true}]},"7":{"line":70,"type":"if","locations":[{"start":{"line":70,"column":12},"end":{"line":70,"column":12},"skip":true},{"start":{"line":70,"column":12},"end":{"line":70,"column":12},"skip":true}]},"8":{"line":70,"type":"binary-expr","locations":[{"start":{"line":70,"column":16},"end":{"line":70,"column":22},"skip":true},{"start":{"line":70,"column":27},"end":{"line":70,"column":32},"skip":true},{"start":{"line":71,"column":20},"end":{"line":71,"column":39},"skip":true},{"start":{"line":72,"column":20},"end":{"line":72,"column":49},"skip":true},{"start":{"line":73,"column":20},"end":{"line":73,"column":58},"skip":true},{"start":{"line":74,"column":20},"end":{"line":74,"column":69},"skip":true}]},"9":{"line":79,"type":"switch","locations":[{"start":{"line":80,"column":20},"end":{"line":80,"column":33},"skip":true},{"start":{"line":81,"column":20},"end":{"line":83,"column":30},"skip":true},{"start":{"line":84,"column":20},"end":{"line":85,"column":49},"skip":true}]},"10":{"line":89,"type":"switch","locations":[{"start":{"line":90,"column":12},"end":{"line":103,"column":22},"skip":true},{"start":{"line":105,"column":12},"end":{"line":106,"column":22},"skip":true}]},"11":{"line":89,"type":"binary-expr","locations":[{"start":{"line":89,"column":20},"end":{"line":89,"column":25},"skip":true},{"start":{"line":89,"column":29},"end":{"line":89,"column":48},"skip":true},{"start":{"line":89,"column":52},"end":{"line":89,"column":74},"skip":true}]},"12":{"line":92,"type":"if","locations":[{"start":{"line":92,"column":16},"end":{"line":92,"column":16},"skip":true},{"start":{"line":92,"column":16},"end":{"line":92,"column":16},"skip":true}]},"13":{"line":108,"type":"if","locations":[{"start":{"line":108,"column":12},"end":{"line":108,"column":12},"skip":true},{"start":{"line":108,"column":12},"end":{"line":108,"column":12},"skip":true}]},"14":{"line":108,"type":"binary-expr","locations":[{"start":{"line":108,"column":16},"end":{"line":108,"column":61},"skip":true},{"start":{"line":108,"column":66},"end":{"line":108,"column":72},"skip":true},{"start":{"line":108,"column":77},"end":{"line":108,"column":82},"skip":true},{"start":{"line":109,"column":20},"end":{"line":109,"column":39},"skip":true},{"start":{"line":110,"column":20},"end":{"line":110,"column":49},"skip":true},{"start":{"line":111,"column":20},"end":{"line":111,"column":58},"skip":true},{"start":{"line":112,"column":20},"end":{"line":112,"column":68},"skip":true}]},"15":{"line":129,"type":"if","locations":[{"start":{"line":129,"column":16},"end":{"line":129,"column":16},"skip":true},{"start":{"line":129,"column":16},"end":{"line":129,"column":16},"skip":true}]},"16":{"line":134,"type":"cond-expr","locations":[{"start":{"line":135,"column":26},"end":{"line":135,"column":29},"skip":true},{"start":{"line":136,"column":26},"end":{"line":136,"column":54},"skip":true}]},"17":{"line":164,"type":"binary-expr","locations":[{"start":{"line":164,"column":27},"end":{"line":164,"column":43},"skip":true},{"start":{"line":164,"column":47},"end":{"line":164,"column":49},"skip":true}]},"18":{"line":258,"type":"if","locations":[{"start":{"line":258,"column":8},"end":{"line":258,"column":8},"skip":true},{"start":{"line":258,"column":8},"end":{"line":258,"column":8},"skip":true}]},"19":{"line":275,"type":"switch","locations":[{"start":{"line":276,"column":20},"end":{"line":277,"column":64},"skip":true},{"start":{"line":278,"column":20},"end":{"line":279,"column":40},"skip":true},{"start":{"line":280,"column":20},"end":{"line":281,"column":40},"skip":true},{"start":{"line":282,"column":20},"end":{"line":283,"column":39},"skip":true}]},"20":{"line":288,"type":"if","locations":[{"start":{"line":288,"column":8},"end":{"line":288,"column":8},"skip":true},{"start":{"line":288,"column":8},"end":{"line":288,"column":8},"skip":true}]},"21":{"line":288,"type":"binary-expr","locations":[{"start":{"line":288,"column":12},"end":{"line":288,"column":40},"skip":true},{"start":{"line":288,"column":44},"end":{"line":288,"column":67},"skip":true}]},"22":{"line":292,"type":"binary-expr","locations":[{"start":{"line":292,"column":12},"end":{"line":292,"column":50},"skip":true},{"start":{"line":293,"column":12},"end":{"line":293,"column":53},"skip":true}]},"23":{"line":297,"type":"binary-expr","locations":[{"start":{"line":297,"column":12},"end":{"line":297,"column":77},"skip":true},{"start":{"line":298,"column":12},"end":{"line":301,"column":36},"skip":true}]},"24":{"line":303,"type":"binary-expr","locations":[{"start":{"line":303,"column":43},"end":{"line":303,"column":75},"skip":true},{"start":{"line":303,"column":79},"end":{"line":303,"column":81},"skip":true}]},"25":{"line":306,"type":"if","locations":[{"start":{"line":306,"column":8},"end":{"line":306,"column":8},"skip":true},{"start":{"line":306,"column":8},"end":{"line":306,"column":8},"skip":true}]},"26":{"line":310,"type":"if","locations":[{"start":{"line":310,"column":8},"end":{"line":310,"column":8},"skip":true},{"start":{"line":310,"column":8},"end":{"line":310,"column":8},"skip":true}]},"27":{"line":313,"type":"binary-expr","locations":[{"start":{"line":313,"column":27},"end":{"line":313,"column":43},"skip":true},{"start":{"line":313,"column":47},"end":{"line":313,"column":53},"skip":true}]},"28":{"line":317,"type":"if","locations":[{"start":{"line":317,"column":12},"end":{"line":317,"column":12},"skip":true},{"start":{"line":317,"column":12},"end":{"line":317,"column":12},"skip":true}]}},"code":["/*","example.js","","quickstart example","","instruction","    1. save this script as example.js","    2. run the shell command:","        $ npm install npmtest-webpack-spritesmith && PORT=8081 node example.js","    3. play with the browser-demo on http://127.0.0.1:8081","*/","","","","/* istanbul instrument in package npmtest_webpack_spritesmith */","/*jslint","    bitwise: true,","    browser: true,","    maxerr: 8,","    maxlen: 96,","    node: true,","    nomen: true,","    regexp: true,","    stupid: true","*/","(function () {","    'use strict';","    var local;","","","","    // run shared js-env code - pre-init","    (function () {","        // init local","        local = {};","        // init modeJs","        local.modeJs = (function () {","            try {","                return typeof navigator.userAgent === 'string' &&","                    typeof document.querySelector('body') === 'object' &&","                    typeof XMLHttpRequest.prototype.open === 'function' &&","                    'browser';","            } catch (errorCaughtBrowser) {","                return module.exports &&","                    typeof process.versions.node === 'string' &&","                    typeof require('http').createServer === 'function' &&","                    'node';","            }","        }());","        // init global","        local.global = local.modeJs === 'browser'","            ? window","            : global;","        // init utility2_rollup","        local = local.global.utility2_rollup || (local.modeJs === 'browser'","            ? local.global.utility2_npmtest_webpack_spritesmith","            : global.utility2_moduleExports);","        // export local","        local.global.local = local;","    }());","    switch (local.modeJs) {","","","","    // post-init","    // run browser js-env code - post-init","    /* istanbul ignore next */","    case 'browser':","        local.testRunBrowser = function (event) {","            if (!event || (event &&","                    event.currentTarget &&","                    event.currentTarget.className &&","                    event.currentTarget.className.includes &&","                    event.currentTarget.className.includes('onreset'))) {","                // reset output","                Array.from(","                    document.querySelectorAll('body > .resettable')","                ).forEach(function (element) {","                    switch (element.tagName) {","                    case 'INPUT':","                    case 'TEXTAREA':","                        element.value = '';","                        break;","                    default:","                        element.textContent = '';","                    }","                });","            }","            switch (event && event.currentTarget && event.currentTarget.id) {","            case 'testRunButton1':","                // show tests","                if (document.querySelector('#testReportDiv1').style.display === 'none') {","                    document.querySelector('#testReportDiv1').style.display = 'block';","                    document.querySelector('#testRunButton1').textContent =","                        'hide internal test';","                    local.modeTest = true;","                    local.testRunDefault(local);","                // hide tests","                } else {","                    document.querySelector('#testReportDiv1').style.display = 'none';","                    document.querySelector('#testRunButton1').textContent = 'run internal test';","                }","                break;","            // custom-case","            default:","                break;","            }","            if (document.querySelector('#inputTextareaEval1') && (!event || (event &&","                    event.currentTarget &&","                    event.currentTarget.className &&","                    event.currentTarget.className.includes &&","                    event.currentTarget.className.includes('oneval')))) {","                // try to eval input-code","                try {","                    /*jslint evil: true*/","                    eval(document.querySelector('#inputTextareaEval1').value);","                } catch (errorCaught) {","                    console.error(errorCaught);","                }","            }","        };","        // log stderr and stdout to #outputTextareaStdout1","        ['error', 'log'].forEach(function (key) {","            console[key + '_original'] = console[key];","            console[key] = function () {","                var element;","                console[key + '_original'].apply(console, arguments);","                element = document.querySelector('#outputTextareaStdout1');","                if (!element) {","                    return;","                }","                // append text to #outputTextareaStdout1","                element.value += Array.from(arguments).map(function (arg) {","                    return typeof arg === 'string'","                        ? arg","                        : JSON.stringify(arg, null, 4);","                }).join(' ') + '\\n';","                // scroll textarea to bottom","                element.scrollTop = element.scrollHeight;","            };","        });","        // init event-handling","        ['change', 'click', 'keyup'].forEach(function (event) {","            Array.from(document.querySelectorAll('.on' + event)).forEach(function (element) {","                element.addEventListener(event, local.testRunBrowser);","            });","        });","        // run tests","        local.testRunBrowser();","        break;","","","","    // run node js-env code - post-init","    /* istanbul ignore next */","    case 'node':","        // export local","        module.exports = local;","        // require modules","        local.fs = require('fs');","        local.http = require('http');","        local.url = require('url');","        // init assets","        local.assetsDict = local.assetsDict || {};","        /* jslint-ignore-begin */","        local.assetsDict['/assets.index.template.html'] = '\\","<!doctype html>\\n\\","<html lang=\"en\">\\n\\","<head>\\n\\","<meta charset=\"UTF-8\">\\n\\","<meta name=\"viewport\" content=\"width=device-width, initial-scale=1\">\\n\\","<title>{{env.npm_package_name}} (v{{env.npm_package_version}})</title>\\n\\","<style>\\n\\","/*csslint\\n\\","    box-sizing: false,\\n\\","    universal-selector: false\\n\\","*/\\n\\","* {\\n\\","    box-sizing: border-box;\\n\\","}\\n\\","body {\\n\\","    background: #dde;\\n\\","    font-family: Arial, Helvetica, sans-serif;\\n\\","    margin: 2rem;\\n\\","}\\n\\","body > * {\\n\\","    margin-bottom: 1rem;\\n\\","}\\n\\",".utility2FooterDiv {\\n\\","    margin-top: 20px;\\n\\","    text-align: center;\\n\\","}\\n\\","</style>\\n\\","<style>\\n\\","/*csslint\\n\\","*/\\n\\","textarea {\\n\\","    font-family: monospace;\\n\\","    height: 10rem;\\n\\","    width: 100%;\\n\\","}\\n\\","textarea[readonly] {\\n\\","    background: #ddd;\\n\\","}\\n\\","</style>\\n\\","</head>\\n\\","<body>\\n\\","<!-- utility2-comment\\n\\","<div id=\"ajaxProgressDiv1\" style=\"background: #d00; height: 2px; left: 0; margin: 0; padding: 0; position: fixed; top: 0; transition: background 0.5s, width 1.5s; width: 25%;\"></div>\\n\\","utility2-comment -->\\n\\","<h1>\\n\\","<!-- utility2-comment\\n\\","    <a\\n\\","        {{#if env.npm_package_homepage}}\\n\\","        href=\"{{env.npm_package_homepage}}\"\\n\\","        {{/if env.npm_package_homepage}}\\n\\","        target=\"_blank\"\\n\\","    >\\n\\","utility2-comment -->\\n\\","        {{env.npm_package_name}} (v{{env.npm_package_version}})\\n\\","<!-- utility2-comment\\n\\","    </a>\\n\\","utility2-comment -->\\n\\","</h1>\\n\\","<h3>{{env.npm_package_description}}</h3>\\n\\","<!-- utility2-comment\\n\\","<h4><a download href=\"assets.app.js\">download standalone app</a></h4>\\n\\","<button class=\"onclick onreset\" id=\"testRunButton1\">run internal test</button><br>\\n\\","<div id=\"testReportDiv1\" style=\"display: none;\"></div>\\n\\","utility2-comment -->\\n\\","\\n\\","\\n\\","\\n\\","<label>stderr and stdout</label>\\n\\","<textarea class=\"resettable\" id=\"outputTextareaStdout1\" readonly></textarea>\\n\\","<!-- utility2-comment\\n\\","{{#if isRollup}}\\n\\","<script src=\"assets.app.js\"></script>\\n\\","{{#unless isRollup}}\\n\\","utility2-comment -->\\n\\","<script src=\"assets.utility2.rollup.js\"></script>\\n\\","<script src=\"jsonp.utility2._stateInit?callback=window.utility2._stateInit\"></script>\\n\\","<script src=\"assets.npmtest_webpack_spritesmith.rollup.js\"></script>\\n\\","<script src=\"assets.example.js\"></script>\\n\\","<script src=\"assets.test.js\"></script>\\n\\","<!-- utility2-comment\\n\\","{{/if isRollup}}\\n\\","utility2-comment -->\\n\\","<div class=\"utility2FooterDiv\">\\n\\","    [ this app was created with\\n\\","    <a href=\"https://github.com/kaizhu256/node-utility2\" target=\"_blank\">utility2</a>\\n\\","    ]\\n\\","</div>\\n\\","</body>\\n\\","</html>\\n\\","';","        /* jslint-ignore-end */","        if (local.templateRender) {","            local.assetsDict['/'] = local.templateRender(","                local.assetsDict['/assets.index.template.html'],","                {","                    env: local.objectSetDefault(local.env, {","                        npm_package_description: 'the greatest app in the world!',","                        npm_package_name: 'my-app',","                        npm_package_nameAlias: 'my_app',","                        npm_package_version: '0.0.1'","                    })","                }","            );","        } else {","            local.assetsDict['/'] = local.assetsDict['/assets.index.template.html']","                .replace((/\\{\\{env\\.(\\w+?)\\}\\}/g), function (match0, match1) {","                    // jslint-hack","                    String(match0);","                    switch (match1) {","                    case 'npm_package_description':","                        return 'the greatest app in the world!';","                    case 'npm_package_name':","                        return 'my-app';","                    case 'npm_package_nameAlias':","                        return 'my_app';","                    case 'npm_package_version':","                        return '0.0.1';","                    }","                });","        }","        // run the cli","        if (local.global.utility2_rollup || module !== require.main) {","            break;","        }","        local.assetsDict['/assets.example.js'] =","            local.assetsDict['/assets.example.js'] ||","            local.fs.readFileSync(__filename, 'utf8');","        // bug-workaround - long $npm_package_buildCustomOrg","        /* jslint-ignore-begin */","        local.assetsDict['/assets.npmtest_webpack_spritesmith.rollup.js'] =","            local.assetsDict['/assets.npmtest_webpack_spritesmith.rollup.js'] ||","            local.fs.readFileSync(","                local.npmtest_webpack_spritesmith.__dirname + '/lib.npmtest_webpack_spritesmith.js',","                'utf8'","            ).replace((/^#!/), '//');","        /* jslint-ignore-end */","        local.assetsDict['/favicon.ico'] = local.assetsDict['/favicon.ico'] || '';","        // if $npm_config_timeout_exit exists,","        // then exit this process after $npm_config_timeout_exit ms","        if (Number(process.env.npm_config_timeout_exit)) {","            setTimeout(process.exit, Number(process.env.npm_config_timeout_exit));","        }","        // start server","        if (local.global.utility2_serverHttp1) {","            break;","        }","        process.env.PORT = process.env.PORT || '8081';","        console.error('server starting on port ' + process.env.PORT);","        local.http.createServer(function (request, response) {","            request.urlParsed = local.url.parse(request.url);","            if (local.assetsDict[request.urlParsed.pathname] !== undefined) {","                response.end(local.assetsDict[request.urlParsed.pathname]);","                return;","            }","            response.statusCode = 404;","            response.end();","        }).listen(process.env.PORT);","        break;","    }","}());",""],"l":{"26":2,"28":2,"33":2,"35":2,"37":2,"38":2,"39":2,"44":1,"51":2,"55":2,"59":2,"61":2,"69":1,"70":2,"76":2,"79":2,"82":2,"83":2,"85":1,"89":2,"92":1,"93":1,"94":1,"96":1,"97":1,"100":1,"101":1,"103":1,"106":1,"108":2,"114":1,"116":1,"118":1,"123":1,"124":2,"125":2,"126":3,"127":3,"128":3,"129":3,"130":1,"133":3,"134":3,"139":3,"143":1,"144":3,"145":1,"149":1,"150":1,"158":1,"160":1,"161":1,"162":1,"164":1,"166":1,"258":1,"259":1,"271":1,"274":6,"275":6,"277":1,"279":2,"281":1,"283":2,"288":1,"289":1,"291":1,"296":1,"303":1,"306":1,"307":1,"310":1,"311":1,"313":1,"314":1,"315":1,"316":1,"317":1,"318":1,"319":1,"321":1,"322":1,"324":1}},"/home/travis/build/npmtest/node-npmtest-webpack-spritesmith/node_modules/webpack-spritesmith/lib/Plugin.js":{"path":"/home/travis/build/npmtest/node-npmtest-webpack-spritesmith/node_modules/webpack-spritesmith/lib/Plugin.js","s":{"1":1,"2":1,"3":1,"4":1,"5":1,"6":0,"7":0,"8":0,"9":1,"10":0,"11":1,"12":0,"13":0,"14":0,"15":0,"16":0,"17":0,"18":0,"19":0,"20":0,"21":0,"22":0,"23":0,"24":0,"25":0,"26":0,"27":0,"28":0,"29":0,"30":0,"31":0,"32":1},"b":{"1":[0,0],"2":[0,0],"3":[0,0]},"f":{"1":0,"2":0,"3":0,"4":0,"5":0,"6":0,"7":0,"8":0,"9":0,"10":0,"11":0},"fnMap":{"1":{"name":"SpritesmithPlugin","line":7,"loc":{"start":{"line":7,"column":0},"end":{"line":7,"column":36}}},"2":{"name":"fThrow","line":13,"loc":{"start":{"line":13,"column":0},"end":{"line":13,"column":19}}},"3":{"name":"(anonymous_3)","line":16,"loc":{"start":{"line":16,"column":21},"end":{"line":16,"column":33}}},"4":{"name":"(anonymous_4)","line":22,"loc":{"start":{"line":22,"column":11},"end":{"line":22,"column":31}}},"5":{"name":"(anonymous_5)","line":23,"loc":{"start":{"line":23,"column":31},"end":{"line":23,"column":61}}},"6":{"name":"(anonymous_6)","line":28,"loc":{"start":{"line":28,"column":37},"end":{"line":28,"column":75}}},"7":{"name":"(anonymous_7)","line":36,"loc":{"start":{"line":36,"column":16},"end":{"line":36,"column":37}}},"8":{"name":"(anonymous_8)","line":38,"loc":{"start":{"line":38,"column":35},"end":{"line":38,"column":47}}},"9":{"name":"(anonymous_9)","line":39,"loc":{"start":{"line":39,"column":37},"end":{"line":39,"column":49}}},"10":{"name":"(anonymous_10)","line":46,"loc":{"start":{"line":46,"column":32},"end":{"line":46,"column":65}}},"11":{"name":"(anonymous_11)","line":52,"loc":{"start":{"line":52,"column":13},"end":{"line":52,"column":40}}}},"statementMap":{"1":{"start":{"line":1,"column":0},"end":{"line":1,"column":27}},"2":{"start":{"line":2,"column":0},"end":{"line":2,"column":27}},"3":{"start":{"line":3,"column":0},"end":{"line":3,"column":29}},"4":{"start":{"line":5,"column":0},"end":{"line":5,"column":49}},"5":{"start":{"line":7,"column":0},"end":{"line":11,"column":1}},"6":{"start":{"line":8,"column":4},"end":{"line":8,"column":43}},"7":{"start":{"line":9,"column":4},"end":{"line":9,"column":55}},"8":{"start":{"line":10,"column":4},"end":{"line":10,"column":27}},"9":{"start":{"line":13,"column":0},"end":{"line":13,"column":31}},"10":{"start":{"line":13,"column":21},"end":{"line":13,"column":29}},"11":{"start":{"line":15,"column":0},"end":{"line":64,"column":2}},"12":{"start":{"line":17,"column":8},"end":{"line":20,"column":10}},"13":{"start":{"line":23,"column":8},"end":{"line":25,"column":22}},"14":{"start":{"line":24,"column":12},"end":{"line":24,"column":42}},"15":{"start":{"line":27,"column":8},"end":{"line":27,"column":33}},"16":{"start":{"line":28,"column":8},"end":{"line":44,"column":22}},"17":{"start":{"line":29,"column":12},"end":{"line":31,"column":13}},"18":{"start":{"line":30,"column":16},"end":{"line":30,"column":42}},"19":{"start":{"line":32,"column":12},"end":{"line":32,"column":32}},"20":{"start":{"line":33,"column":12},"end":{"line":42,"column":14}},"21":{"start":{"line":37,"column":20},"end":{"line":37,"column":39}},"22":{"start":{"line":38,"column":20},"end":{"line":40,"column":34}},"23":{"start":{"line":39,"column":24},"end":{"line":39,"column":53}},"24":{"start":{"line":43,"column":12},"end":{"line":43,"column":50}},"25":{"start":{"line":46,"column":8},"end":{"line":50,"column":22}},"26":{"start":{"line":47,"column":12},"end":{"line":47,"column":83}},"27":{"start":{"line":48,"column":12},"end":{"line":48,"column":89}},"28":{"start":{"line":49,"column":12},"end":{"line":49,"column":23}},"29":{"start":{"line":53,"column":8},"end":{"line":53,"column":35}},"30":{"start":{"line":55,"column":8},"end":{"line":57,"column":41}},"31":{"start":{"line":59,"column":8},"end":{"line":62,"column":28}},"32":{"start":{"line":66,"column":0},"end":{"line":66,"column":35}}},"branchMap":{"1":{"line":29,"type":"if","locations":[{"start":{"line":29,"column":12},"end":{"line":29,"column":12}},{"start":{"line":29,"column":12},"end":{"line":29,"column":12}}]},"2":{"line":37,"type":"binary-expr","locations":[{"start":{"line":37,"column":20},"end":{"line":37,"column":23}},{"start":{"line":37,"column":27},"end":{"line":37,"column":38}}]},"3":{"line":55,"type":"cond-expr","locations":[{"start":{"line":56,"column":14},"end":{"line":56,"column":40}},{"start":{"line":57,"column":14},"end":{"line":57,"column":40}}]}},"code":["var gaze = require('gaze');","var glob = require('glob');","var async = require('async');","","var processOptions = require('./processOptions');","","function SpritesmithPlugin(options) {","    this.options = processOptions(options);","    this.useRetinaTemplates = 'retina' in this.options;","    this.cleanMetaOutput();","}","","function fThrow(x) { throw x; }","","SpritesmithPlugin.prototype = {","    cleanMetaOutput: function () {","        this.metaOutput = {","            warnings: [],","            errors: []","        };","    },","    apply: function (compiler) {","        compiler.plugin('run', function (compiler, callback) {","            return this.compile(callback);","        }.bind(this));","","        var watchStarted = false;","        compiler.plugin('watch-run', function (watching, watchRunCallback) {","            if (watchStarted) {","                return watchRunCallback();","            }","            watchStarted = true;","            gaze(","                this.options.src.glob,","                {cwd: this.options.src.cwd},","                function (err, gaze) {","                    err && fThrow(err);","                    gaze.on('all', function () {","                        this.compile(function () {});","                    }.bind(this));","                }.bind(this)","            );","            return this.compile(watchRunCallback);","        }.bind(this));","","        compiler.plugin('emit', function (compilation, callback) {","            compilation.errors = compilation.errors.concat(this.metaOutput.errors);","            compilation.warnings = compilation.warnings.concat(this.metaOutput.warnings);","            callback();","        }.bind(this));","    },","    compile: function (compileCallback) {","        var src = this.options.src;","","        var compileStrategy = this.useRetinaTemplates","            ? require('./compileRetina')","            : require('./compileNormal');","","        async.waterfall([","            glob.bind(null, src.glob, {cwd: src.cwd}),","            compileStrategy.bind(null, this.options, this.metaOutput)","        ], compileCallback);","    }","};","","module.exports = SpritesmithPlugin;",""],"l":{"1":1,"2":1,"3":1,"5":1,"7":1,"8":0,"9":0,"10":0,"13":1,"15":1,"17":0,"23":0,"24":0,"27":0,"28":0,"29":0,"30":0,"32":0,"33":0,"37":0,"38":0,"39":0,"43":0,"46":0,"47":0,"48":0,"49":0,"53":0,"55":0,"59":0,"66":1}},"/home/travis/build/npmtest/node-npmtest-webpack-spritesmith/node_modules/webpack-spritesmith/lib/processOptions.js":{"path":"/home/travis/build/npmtest/node-npmtest-webpack-spritesmith/node_modules/webpack-spritesmith/lib/processOptions.js","s":{"1":1,"2":1,"3":1,"4":1,"5":1,"6":0,"7":1,"8":0,"9":0,"10":0,"11":0,"12":0,"13":0,"14":0,"15":0,"16":0,"17":0,"18":0,"19":0,"20":0,"21":0,"22":0,"23":0,"24":0,"25":0,"26":0,"27":0,"28":1,"29":0,"30":0,"31":0,"32":0,"33":1,"34":0,"35":0,"36":0,"37":0,"38":0,"39":0,"40":0,"41":0,"42":0,"43":0,"44":1,"45":1,"46":0,"47":1,"48":0,"49":0,"50":0,"51":0,"52":0,"53":0,"54":0,"55":0,"56":0,"57":0,"58":0,"59":0,"60":1,"61":0,"62":0,"63":0,"64":0,"65":0,"66":1,"67":0,"68":1,"69":0,"70":0,"71":0,"72":0,"73":1,"74":0,"75":0,"76":0,"77":0},"b":{"1":[0,0],"2":[0,0],"3":[0,0],"4":[0,0],"5":[0,0],"6":[0,0],"7":[0,0],"8":[0,0],"9":[0,0],"10":[0,0],"11":[0,0],"12":[0,0],"13":[0,0],"14":[0,0],"15":[0,0],"16":[0,0],"17":[0,0],"18":[0,0],"19":[0,0],"20":[0,0],"21":[0,0],"22":[0,0],"23":[0,0]},"f":{"1":0,"2":0,"3":0,"4":0,"5":0,"6":0,"7":0,"8":0,"9":0,"10":0,"11":0,"12":0,"13":0,"14":0,"15":0},"fnMap":{"1":{"name":"fThrowExpectField","line":6,"loc":{"start":{"line":6,"column":0},"end":{"line":6,"column":30}}},"2":{"name":"(anonymous_2)","line":8,"loc":{"start":{"line":8,"column":17},"end":{"line":8,"column":39}}},"3":{"name":"(anonymous_3)","line":18,"loc":{"start":{"line":18,"column":32},"end":{"line":18,"column":52}}},"4":{"name":"(anonymous_4)","line":30,"loc":{"start":{"line":30,"column":37},"end":{"line":30,"column":55}}},"5":{"name":"(anonymous_5)","line":38,"loc":{"start":{"line":38,"column":45},"end":{"line":38,"column":79}}},"6":{"name":"normalizeTargetCss","line":53,"loc":{"start":{"line":53,"column":0},"end":{"line":53,"column":43}}},"7":{"name":"normalizeOne","line":62,"loc":{"start":{"line":62,"column":4},"end":{"line":62,"column":34}}},"8":{"name":"extractFormatFromCSSFilename","line":92,"loc":{"start":{"line":92,"column":0},"end":{"line":92,"column":51}}},"9":{"name":"processRetinaOptions","line":96,"loc":{"start":{"line":96,"column":0},"end":{"line":96,"column":39}}},"10":{"name":"(anonymous_10)","line":115,"loc":{"start":{"line":115,"column":31},"end":{"line":115,"column":46}}},"11":{"name":"suffixToClassifier","line":120,"loc":{"start":{"line":120,"column":0},"end":{"line":120,"column":36}}},"12":{"name":"(anonymous_12)","line":121,"loc":{"start":{"line":121,"column":11},"end":{"line":121,"column":31}}},"13":{"name":"hasSuffix","line":138,"loc":{"start":{"line":138,"column":0},"end":{"line":138,"column":32}}},"14":{"name":"splitExt","line":142,"loc":{"start":{"line":142,"column":0},"end":{"line":142,"column":28}}},"15":{"name":"addSuffixToFileName","line":152,"loc":{"start":{"line":152,"column":0},"end":{"line":152,"column":57}}}},"statementMap":{"1":{"start":{"line":1,"column":0},"end":{"line":1,"column":26}},"2":{"start":{"line":2,"column":0},"end":{"line":2,"column":27}},"3":{"start":{"line":3,"column":0},"end":{"line":3,"column":23}},"4":{"start":{"line":4,"column":0},"end":{"line":4,"column":49}},"5":{"start":{"line":6,"column":0},"end":{"line":6,"column":99}},"6":{"start":{"line":6,"column":32},"end":{"line":6,"column":98}},"7":{"start":{"line":8,"column":0},"end":{"line":51,"column":2}},"8":{"start":{"line":9,"column":4},"end":{"line":9,"column":47}},"9":{"start":{"line":10,"column":4},"end":{"line":10,"column":55}},"10":{"start":{"line":11,"column":4},"end":{"line":11,"column":57}},"11":{"start":{"line":12,"column":4},"end":{"line":12,"column":53}},"12":{"start":{"line":13,"column":4},"end":{"line":13,"column":61}},"13":{"start":{"line":14,"column":4},"end":{"line":14,"column":65}},"14":{"start":{"line":16,"column":4},"end":{"line":26,"column":19}},"15":{"start":{"line":19,"column":16},"end":{"line":19,"column":87}},"16":{"start":{"line":28,"column":4},"end":{"line":28,"column":38}},"17":{"start":{"line":30,"column":4},"end":{"line":36,"column":7}},"18":{"start":{"line":31,"column":8},"end":{"line":35,"column":9}},"19":{"start":{"line":32,"column":12},"end":{"line":34,"column":81}},"20":{"start":{"line":38,"column":4},"end":{"line":46,"column":7}},"21":{"start":{"line":39,"column":8},"end":{"line":45,"column":9}},"22":{"start":{"line":40,"column":12},"end":{"line":40,"column":94}},"23":{"start":{"line":41,"column":15},"end":{"line":45,"column":9}},"24":{"start":{"line":42,"column":12},"end":{"line":42,"column":58}},"25":{"start":{"line":44,"column":12},"end":{"line":44,"column":117}},"26":{"start":{"line":48,"column":4},"end":{"line":48,"column":40}},"27":{"start":{"line":50,"column":4},"end":{"line":50,"column":25}},"28":{"start":{"line":53,"column":0},"end":{"line":80,"column":1}},"29":{"start":{"line":54,"column":4},"end":{"line":54,"column":39}},"30":{"start":{"line":56,"column":4},"end":{"line":58,"column":5}},"31":{"start":{"line":57,"column":8},"end":{"line":57,"column":65}},"32":{"start":{"line":60,"column":4},"end":{"line":60,"column":53}},"33":{"start":{"line":62,"column":4},"end":{"line":79,"column":5}},"34":{"start":{"line":63,"column":8},"end":{"line":78,"column":9}},"35":{"start":{"line":64,"column":12},"end":{"line":66,"column":15}},"36":{"start":{"line":67,"column":15},"end":{"line":78,"column":9}},"37":{"start":{"line":68,"column":12},"end":{"line":68,"column":39}},"38":{"start":{"line":69,"column":12},"end":{"line":71,"column":13}},"39":{"start":{"line":70,"column":16},"end":{"line":70,"column":32}},"40":{"start":{"line":72,"column":12},"end":{"line":74,"column":13}},"41":{"start":{"line":73,"column":16},"end":{"line":73,"column":77}},"42":{"start":{"line":75,"column":12},"end":{"line":75,"column":27}},"43":{"start":{"line":77,"column":12},"end":{"line":77,"column":77}},"44":{"start":{"line":82,"column":0},"end":{"line":90,"column":2}},"45":{"start":{"line":92,"column":0},"end":{"line":94,"column":1}},"46":{"start":{"line":93,"column":4},"end":{"line":93,"column":61}},"47":{"start":{"line":96,"column":0},"end":{"line":118,"column":1}},"48":{"start":{"line":97,"column":4},"end":{"line":99,"column":5}},"49":{"start":{"line":98,"column":8},"end":{"line":98,"column":15}},"50":{"start":{"line":101,"column":4},"end":{"line":113,"column":5}},"51":{"start":{"line":102,"column":8},"end":{"line":102,"column":36}},"52":{"start":{"line":103,"column":8},"end":{"line":105,"column":10}},"53":{"start":{"line":107,"column":8},"end":{"line":107,"column":97}},"54":{"start":{"line":108,"column":8},"end":{"line":108,"column":113}},"55":{"start":{"line":110,"column":8},"end":{"line":110,"column":76}},"56":{"start":{"line":111,"column":8},"end":{"line":111,"column":78}},"57":{"start":{"line":112,"column":8},"end":{"line":112,"column":78}},"58":{"start":{"line":115,"column":4},"end":{"line":117,"column":7}},"59":{"start":{"line":116,"column":8},"end":{"line":116,"column":35}},"60":{"start":{"line":120,"column":0},"end":{"line":136,"column":1}},"61":{"start":{"line":121,"column":4},"end":{"line":135,"column":6}},"62":{"start":{"line":122,"column":8},"end":{"line":122,"column":40}},"63":{"start":{"line":123,"column":8},"end":{"line":129,"column":9}},"64":{"start":{"line":124,"column":12},"end":{"line":128,"column":14}},"65":{"start":{"line":130,"column":8},"end":{"line":134,"column":10}},"66":{"start":{"line":138,"column":0},"end":{"line":140,"column":1}},"67":{"start":{"line":139,"column":4},"end":{"line":139,"column":48}},"68":{"start":{"line":142,"column":0},"end":{"line":150,"column":1}},"69":{"start":{"line":143,"column":4},"end":{"line":143,"column":43}},"70":{"start":{"line":144,"column":4},"end":{"line":144,"column":37}},"71":{"start":{"line":145,"column":4},"end":{"line":145,"column":41}},"72":{"start":{"line":146,"column":4},"end":{"line":149,"column":6}},"73":{"start":{"line":152,"column":0},"end":{"line":157,"column":1}},"74":{"start":{"line":153,"column":4},"end":{"line":153,"column":42}},"75":{"start":{"line":154,"column":4},"end":{"line":154,"column":26}},"76":{"start":{"line":155,"column":4},"end":{"line":155,"column":43}},"77":{"start":{"line":156,"column":4},"end":{"line":156,"column":35}}},"branchMap":{"1":{"line":9,"type":"binary-expr","locations":[{"start":{"line":9,"column":4},"end":{"line":9,"column":18}},{"start":{"line":9,"column":22},"end":{"line":9,"column":46}}]},"2":{"line":10,"type":"binary-expr","locations":[{"start":{"line":10,"column":4},"end":{"line":10,"column":22}},{"start":{"line":10,"column":26},"end":{"line":10,"column":54}}]},"3":{"line":11,"type":"binary-expr","locations":[{"start":{"line":11,"column":4},"end":{"line":11,"column":23}},{"start":{"line":11,"column":27},"end":{"line":11,"column":56}}]},"4":{"line":12,"type":"binary-expr","locations":[{"start":{"line":12,"column":4},"end":{"line":12,"column":21}},{"start":{"line":12,"column":25},"end":{"line":12,"column":52}}]},"5":{"line":13,"type":"binary-expr","locations":[{"start":{"line":13,"column":4},"end":{"line":13,"column":25}},{"start":{"line":13,"column":29},"end":{"line":13,"column":60}}]},"6":{"line":14,"type":"binary-expr","locations":[{"start":{"line":14,"column":4},"end":{"line":14,"column":27}},{"start":{"line":14,"column":31},"end":{"line":14,"column":64}}]},"7":{"line":31,"type":"if","locations":[{"start":{"line":31,"column":8},"end":{"line":31,"column":8}},{"start":{"line":31,"column":8},"end":{"line":31,"column":8}}]},"8":{"line":33,"type":"binary-expr","locations":[{"start":{"line":33,"column":55},"end":{"line":33,"column":61}},{"start":{"line":33,"column":65},"end":{"line":33,"column":67}}]},"9":{"line":39,"type":"if","locations":[{"start":{"line":39,"column":8},"end":{"line":39,"column":8}},{"start":{"line":39,"column":8},"end":{"line":39,"column":8}}]},"10":{"line":41,"type":"if","locations":[{"start":{"line":41,"column":15},"end":{"line":41,"column":15}},{"start":{"line":41,"column":15},"end":{"line":41,"column":15}}]},"11":{"line":56,"type":"if","locations":[{"start":{"line":56,"column":4},"end":{"line":56,"column":4}},{"start":{"line":56,"column":4},"end":{"line":56,"column":4}}]},"12":{"line":63,"type":"if","locations":[{"start":{"line":63,"column":8},"end":{"line":63,"column":8}},{"start":{"line":63,"column":8},"end":{"line":63,"column":8}}]},"13":{"line":67,"type":"if","locations":[{"start":{"line":67,"column":15},"end":{"line":67,"column":15}},{"start":{"line":67,"column":15},"end":{"line":67,"column":15}}]},"14":{"line":69,"type":"if","locations":[{"start":{"line":69,"column":12},"end":{"line":69,"column":12}},{"start":{"line":69,"column":12},"end":{"line":69,"column":12}}]},"15":{"line":72,"type":"if","locations":[{"start":{"line":72,"column":12},"end":{"line":72,"column":12}},{"start":{"line":72,"column":12},"end":{"line":72,"column":12}}]},"16":{"line":97,"type":"if","locations":[{"start":{"line":97,"column":4},"end":{"line":97,"column":4}},{"start":{"line":97,"column":4},"end":{"line":97,"column":4}}]},"17":{"line":101,"type":"if","locations":[{"start":{"line":101,"column":4},"end":{"line":101,"column":4}},{"start":{"line":101,"column":4},"end":{"line":101,"column":4}}]},"18":{"line":107,"type":"binary-expr","locations":[{"start":{"line":107,"column":24},"end":{"line":107,"column":37}},{"start":{"line":107,"column":41},"end":{"line":107,"column":96}}]},"19":{"line":108,"type":"binary-expr","locations":[{"start":{"line":108,"column":24},"end":{"line":108,"column":37}},{"start":{"line":108,"column":41},"end":{"line":108,"column":112}}]},"20":{"line":110,"type":"binary-expr","locations":[{"start":{"line":110,"column":8},"end":{"line":110,"column":33}},{"start":{"line":110,"column":37},"end":{"line":110,"column":75}}]},"21":{"line":111,"type":"binary-expr","locations":[{"start":{"line":111,"column":8},"end":{"line":111,"column":34}},{"start":{"line":111,"column":38},"end":{"line":111,"column":77}}]},"22":{"line":112,"type":"binary-expr","locations":[{"start":{"line":112,"column":8},"end":{"line":112,"column":34}},{"start":{"line":112,"column":38},"end":{"line":112,"column":77}}]},"23":{"line":123,"type":"if","locations":[{"start":{"line":123,"column":8},"end":{"line":123,"column":8}},{"start":{"line":123,"column":8},"end":{"line":123,"column":8}}]}},"code":["var _ = require('lodash');","var path = require('path');","var fs = require('fs');","var templater = require('spritesheet-templates');","","function fThrowExpectField(f) { throw 'Expected field\"' + f + '\" in options of SpritesmithPlugin' }","","module.exports = function (rawOptions) {","    rawOptions.src || fThrowExpectField('src');","    rawOptions.src.cwd || fThrowExpectField('src.cwd');","    rawOptions.src.glob || fThrowExpectField('src.glob');","    rawOptions.target || fThrowExpectField('target');","    rawOptions.target.css || fThrowExpectField('target.css');","    rawOptions.target.image || fThrowExpectField('target.image');","","    var mergedOptions = _.merge({}, {","        apiOptions: {","            generateSpriteName: function (fileName) {","                return path.parse(path.relative(mergedOptions.src.cwd, fileName)).name;","            },","            cssImageRef: rawOptions.target.image,","            customTemplates: {}","        },","        spritesmithOptions: {},","        spritesheetTemplatesOptions: {}","    }, rawOptions);","","    normalizeTargetCss(mergedOptions);","","    mergedOptions.target.css.forEach(function (css, i) {","        if (!css[1].format) {","            throw 'SpritesmithPlugin was unable to derive ' +","            'css format from extension \"' + path.parse(css[0] || '').ext + '\" ' +","            'in \"target.css[' + i + ']\" and format was not specified explicitly';","        }","    });","","    _.forEach(mergedOptions.customTemplates, function (template, templateName) {","        if (typeof template === 'string') {","            templater.addHandlebarsTemplate(templateName, fs.readFileSync(template, 'utf-8'));","        } else if (typeof template === 'function') {","            templater.addTemplate(templateName, template);","        } else {","            throw new Error('custom template can be either path/to/handlebars/template or actual template function');","        }","    });","","    processRetinaOptions(mergedOptions);","","    return mergedOptions;","};","","function normalizeTargetCss(mergedOptions) {","    var css = mergedOptions.target.css;","","    if (!(css instanceof Array)) {","        css = [[css, mergedOptions.spritesheetTemplatesOptions]];","    }","","    mergedOptions.target.css = css.map(normalizeOne);","","    function normalizeOne(css, i) {","        if (typeof css === 'string') {","            return [css, {","                format: extractFormatFromCSSFilename(css)","            }];","        } else if (css instanceof Array) {","            var cssCopy = css.slice(0);","            if (cssCopy.length < 2) {","                cssCopy[1] = {};","            }","            if (!('format' in cssCopy[1])) {","                cssCopy[1].format = extractFormatFromCSSFilename(cssCopy[0]);","            }","            return cssCopy;","        } else {","            throw new Error('target.css[' + i + '] must be String or Array');","        }","    }","}","","var extensionToCssFormat = {","    '.stylus': 'stylus',","    '.styl': 'stylus',","    '.sass': 'sass',","    '.scss': 'scss',","    '.less': 'less',","    '.json': 'json',","    '.css': 'css'","};","","function extractFormatFromCSSFilename(cssFileName) {","    return extensionToCssFormat[path.parse(cssFileName).ext];","}","","function processRetinaOptions(options) {","    if (!('retina' in options)) {","        return;","    }","","    if (typeof options.retina === 'string') {","        var suffix = options.retina;","        var r = options.retina = {","            classifier: suffixToClassifier(suffix)","        };","","        r.targetImage = r.targetImage || addSuffixToFileName(suffix, options.target.image, path);","        r.cssImageRef = r.cssImageRef || addSuffixToFileName(suffix, options.apiOptions.cssImageRef, path.posix);","    } else {","        options.retina.classifier || fThrowExpectField('retina.classifier');","        options.retina.targetImage || fThrowExpectField('retina.targetImage');","        options.retina.cssImageRef || fThrowExpectField('retina.cssImageRef');","    }","","    options.target.css.forEach(function (css) {","        css[1].format += '_retina';","    });","}","","function suffixToClassifier(suffix) {","    return function (fileName) {","        var parsed = splitExt(fileName);","        if (hasSuffix(suffix, parsed.name)) {","            return {","                type: 'retina',","                retinaName: fileName,","                normalName: parsed.name.slice(0, -suffix.length) + parsed.ext","            };","        }","        return {","            type: 'normal',","            retinaName: parsed.name + suffix + parsed.ext,","            normalName: fileName","        };","    };","}","","function hasSuffix(suffix, str) {","    return str.slice(-suffix.length) === suffix;","}","","function splitExt(fileName) {","    var extInd = fileName.lastIndexOf('.');","    var ext = fileName.slice(extInd);","    var name = fileName.slice(0, extInd);","    return {","        name: name,","        ext: ext","    };","}","","function addSuffixToFileName(suffix, fileName, pathImpl) {","    var parsed = pathImpl.parse(fileName);","    parsed.name += suffix;","    parsed.base = parsed.name + parsed.ext;","    return pathImpl.format(parsed);","}","",""],"l":{"1":1,"2":1,"3":1,"4":1,"6":1,"8":1,"9":0,"10":0,"11":0,"12":0,"13":0,"14":0,"16":0,"19":0,"28":0,"30":0,"31":0,"32":0,"38":0,"39":0,"40":0,"41":0,"42":0,"44":0,"48":0,"50":0,"53":1,"54":0,"56":0,"57":0,"60":0,"62":1,"63":0,"64":0,"67":0,"68":0,"69":0,"70":0,"72":0,"73":0,"75":0,"77":0,"82":1,"92":1,"93":0,"96":1,"97":0,"98":0,"101":0,"102":0,"103":0,"107":0,"108":0,"110":0,"111":0,"112":0,"115":0,"116":0,"120":1,"121":0,"122":0,"123":0,"124":0,"130":0,"138":1,"139":0,"142":1,"143":0,"144":0,"145":0,"146":0,"152":1,"153":0,"154":0,"155":0,"156":0}},"/home/travis/build/npmtest/node-npmtest-webpack-spritesmith/node_modules/webpack-spritesmith/lib/compileNormal.js":{"path":"/home/travis/build/npmtest/node-npmtest-webpack-spritesmith/node_modules/webpack-spritesmith/lib/compileNormal.js","s":{"1":1,"2":1,"3":1,"4":1,"5":1,"6":1,"7":1,"8":1,"9":0,"10":0,"11":0,"12":0,"13":0,"14":0,"15":0,"16":0,"17":1,"18":0,"19":0,"20":0,"21":0,"22":0,"23":0},"b":{"1":[0,0]},"f":{"1":0,"2":0,"3":0,"4":0,"5":0,"6":0},"fnMap":{"1":{"name":"(anonymous_1)","line":10,"loc":{"start":{"line":10,"column":17},"end":{"line":10,"column":68}}},"2":{"name":"(anonymous_2)","line":12,"loc":{"start":{"line":12,"column":26},"end":{"line":12,"column":46}}},"3":{"name":"emitFiles","line":19,"loc":{"start":{"line":19,"column":8},"end":{"line":19,"column":56}}},"4":{"name":"(anonymous_4)","line":26,"loc":{"start":{"line":26,"column":7},"end":{"line":26,"column":22}}},"5":{"name":"toSpritesheetTemplatesFormat","line":33,"loc":{"start":{"line":33,"column":4},"end":{"line":33,"column":61}}},"6":{"name":"(anonymous_6)","line":37,"loc":{"start":{"line":37,"column":12},"end":{"line":37,"column":47}}}},"statementMap":{"1":{"start":{"line":1,"column":0},"end":{"line":1,"column":41}},"2":{"start":{"line":2,"column":0},"end":{"line":2,"column":27}},"3":{"start":{"line":3,"column":0},"end":{"line":3,"column":29}},"4":{"start":{"line":4,"column":0},"end":{"line":4,"column":26}},"5":{"start":{"line":6,"column":0},"end":{"line":6,"column":41}},"6":{"start":{"line":7,"column":0},"end":{"line":7,"column":37}},"7":{"start":{"line":8,"column":0},"end":{"line":8,"column":41}},"8":{"start":{"line":10,"column":0},"end":{"line":55,"column":2}},"9":{"start":{"line":11,"column":4},"end":{"line":15,"column":35}},"10":{"start":{"line":13,"column":12},"end":{"line":13,"column":59}},"11":{"start":{"line":17,"column":4},"end":{"line":31,"column":7}},"12":{"start":{"line":20,"column":12},"end":{"line":20,"column":97}},"13":{"start":{"line":21,"column":12},"end":{"line":24,"column":25}},"14":{"start":{"line":27,"column":8},"end":{"line":29,"column":9}},"15":{"start":{"line":28,"column":12},"end":{"line":28,"column":40}},"16":{"start":{"line":30,"column":8},"end":{"line":30,"column":19}},"17":{"start":{"line":33,"column":4},"end":{"line":54,"column":5}},"18":{"start":{"line":34,"column":8},"end":{"line":34,"column":71}},"19":{"start":{"line":35,"column":8},"end":{"line":43,"column":10}},"20":{"start":{"line":38,"column":16},"end":{"line":41,"column":18}},"21":{"start":{"line":44,"column":8},"end":{"line":44,"column":102}},"22":{"start":{"line":45,"column":8},"end":{"line":48,"column":10}},"23":{"start":{"line":50,"column":8},"end":{"line":53,"column":10}}},"branchMap":{"1":{"line":27,"type":"if","locations":[{"start":{"line":27,"column":8},"end":{"line":27,"column":8}},{"start":{"line":27,"column":8},"end":{"line":27,"column":8}}]}},"code":["var Spritesmith = require('spritesmith');","var path = require('path');","var async = require('async');","var _ = require('lodash');","","var substitute = require('./substitute');","var writeCSS = require('./writeCSS');","var writeFileR = require('./writeFileR');","","module.exports = function (options, metaOutput, srcFiles, callback) {","    var spritesmithOptions = _.assign({","        src: srcFiles.map(function (filename) {","            return path.resolve(options.src.cwd, filename);","        })","    }, options.spritesmithOptions);","","    async.waterfall([","        Spritesmith.run.bind(Spritesmith, spritesmithOptions),","        function emitFiles(spritesmithResult, callback) {","            var imageNameWithSubstitutions = substitute(options.target.image, spritesmithResult);","            async.parallel([","                writeCSS.bind(null, options.target.css, toSpritesheetTemplatesFormat(spritesmithResult)),","                writeFileR.bind(null, imageNameWithSubstitutions, spritesmithResult.image, 'binary')","            ], callback);","        }","    ], function (err) {","        if (err) {","            metaOutput.errors.push(err);","        }","        callback();","    });","","    function toSpritesheetTemplatesFormat(spritesmithResult) {","        var generateSpriteName = options.apiOptions.generateSpriteName;","        var sprites = _.map(","            spritesmithResult.coordinates,","            function (oneSourceInfo, fileName) {","                return _.assign(","                    {name: generateSpriteName(fileName)},","                    oneSourceInfo","                );","            }","        );","        var imageRefWithSubstitutions = substitute(options.apiOptions.cssImageRef, spritesmithResult);","        var spritesheet = _.assign(","            {image: imageRefWithSubstitutions},","            spritesmithResult.properties","        );","","        return {","            sprites: sprites,","            spritesheet: spritesheet","        };","    }","};",""],"l":{"1":1,"2":1,"3":1,"4":1,"6":1,"7":1,"8":1,"10":1,"11":0,"13":0,"17":0,"20":0,"21":0,"27":0,"28":0,"30":0,"33":1,"34":0,"35":0,"38":0,"44":0,"45":0,"50":0}},"/home/travis/build/npmtest/node-npmtest-webpack-spritesmith/node_modules/webpack-spritesmith/lib/substitute.js":{"path":"/home/travis/build/npmtest/node-npmtest-webpack-spritesmith/node_modules/webpack-spritesmith/lib/substitute.js","s":{"1":1,"2":1,"3":1,"4":0,"5":0,"6":0},"b":{},"f":{"1":0},"fnMap":{"1":{"name":"(anonymous_1)","line":4,"loc":{"start":{"line":4,"column":17},"end":{"line":4,"column":56}}}},"statementMap":{"1":{"start":{"line":1,"column":0},"end":{"line":1,"column":42}},"2":{"start":{"line":2,"column":0},"end":{"line":2,"column":33}},"3":{"start":{"line":4,"column":0},"end":{"line":14,"column":2}},"4":{"start":{"line":5,"column":4},"end":{"line":5,"column":38}},"5":{"start":{"line":7,"column":4},"end":{"line":11,"column":6}},"6":{"start":{"line":13,"column":4},"end":{"line":13,"column":31}}},"branchMap":{},"code":["var loaderUtils = require('loader-utils');","var path = require('path').posix;","","module.exports = function (fullName, spritesmithResult) {","    var parsed = path.parse(fullName);","","    parsed.base = loaderUtils.interpolateName(","        {},","        parsed.base,","        {content: spritesmithResult.image}","    );","","    return path.format(parsed);","};",""],"l":{"1":1,"2":1,"4":1,"5":0,"7":0,"13":0}},"/home/travis/build/npmtest/node-npmtest-webpack-spritesmith/node_modules/webpack-spritesmith/lib/writeCSS.js":{"path":"/home/travis/build/npmtest/node-npmtest-webpack-spritesmith/node_modules/webpack-spritesmith/lib/writeCSS.js","s":{"1":1,"2":1,"3":1,"4":1,"5":0,"6":0,"7":0,"8":0},"b":{},"f":{"1":0,"2":0,"3":0},"fnMap":{"1":{"name":"writeCSS","line":5,"loc":{"start":{"line":5,"column":17},"end":{"line":5,"column":69}}},"2":{"name":"(anonymous_2)","line":6,"loc":{"start":{"line":6,"column":27},"end":{"line":6,"column":42}}},"3":{"name":"(anonymous_3)","line":13,"loc":{"start":{"line":13,"column":24},"end":{"line":13,"column":49}}}},"statementMap":{"1":{"start":{"line":1,"column":0},"end":{"line":1,"column":29}},"2":{"start":{"line":2,"column":0},"end":{"line":2,"column":41}},"3":{"start":{"line":3,"column":0},"end":{"line":3,"column":60}},"4":{"start":{"line":5,"column":0},"end":{"line":20,"column":2}},"5":{"start":{"line":6,"column":4},"end":{"line":11,"column":7}},"6":{"start":{"line":7,"column":8},"end":{"line":10,"column":10}},"7":{"start":{"line":13,"column":4},"end":{"line":19,"column":17}},"8":{"start":{"line":14,"column":8},"end":{"line":18,"column":10}}},"branchMap":{},"code":["var async = require('async');","var writeFileR = require('./writeFileR');","var spritesheetTemplater = require('spritesheet-templates');","","module.exports = function writeCSS(sources, templaterData, callback) {","    var apis = sources.map(function (css) {","        return {","            file: css[0],","            code: spritesheetTemplater(templaterData, css[1])","        };","    });","","    async.forEach(apis, function (api, callback) {","        writeFileR(","            api.file,","            api.code,","            callback","        );","    }, callback);","};",""],"l":{"1":1,"2":1,"3":1,"5":1,"6":0,"7":0,"13":0,"14":0}},"/home/travis/build/npmtest/node-npmtest-webpack-spritesmith/node_modules/webpack-spritesmith/lib/writeFileR.js":{"path":"/home/travis/build/npmtest/node-npmtest-webpack-spritesmith/node_modules/webpack-spritesmith/lib/writeFileR.js","s":{"1":1,"2":1,"3":1,"4":1,"5":1,"6":0,"7":0,"8":0,"9":0,"10":0},"b":{},"f":{"1":0,"2":0},"fnMap":{"1":{"name":"(anonymous_1)","line":6,"loc":{"start":{"line":6,"column":17},"end":{"line":6,"column":37}}},"2":{"name":"(anonymous_2)","line":11,"loc":{"start":{"line":11,"column":8},"end":{"line":11,"column":28}}}},"statementMap":{"1":{"start":{"line":1,"column":0},"end":{"line":1,"column":29}},"2":{"start":{"line":2,"column":0},"end":{"line":2,"column":31}},"3":{"start":{"line":3,"column":0},"end":{"line":3,"column":27}},"4":{"start":{"line":4,"column":0},"end":{"line":4,"column":23}},"5":{"start":{"line":6,"column":0},"end":{"line":16,"column":2}},"6":{"start":{"line":7,"column":4},"end":{"line":7,"column":53}},"7":{"start":{"line":8,"column":4},"end":{"line":8,"column":51}},"8":{"start":{"line":9,"column":4},"end":{"line":15,"column":17}},"9":{"start":{"line":12,"column":12},"end":{"line":12,"column":45}},"10":{"start":{"line":13,"column":12},"end":{"line":13,"column":48}}},"branchMap":{},"code":["var async = require('async');","var mkdirp = require('mkdirp');","var path = require('path');","var fs = require('fs');","","module.exports = function (fileName) {","    var args = Array.prototype.slice.call(arguments);","    var callback = arguments[arguments.length - 1];","    async.series([","        mkdirp.bind(null, path.dirname(fileName)),","        function (callback) {","            args[args.length - 1] = callback;","            return fs.writeFile.apply(fs, args);","        }","    ], callback);","};",""],"l":{"1":1,"2":1,"3":1,"4":1,"6":1,"7":0,"8":0,"9":0,"12":0,"13":0}},"/home/travis/build/npmtest/node-npmtest-webpack-spritesmith/node_modules/webpack-spritesmith/lib/compileRetina.js":{"path":"/home/travis/build/npmtest/node-npmtest-webpack-spritesmith/node_modules/webpack-spritesmith/lib/compileRetina.js","s":{"1":1,"2":1,"3":1,"4":1,"5":1,"6":1,"7":1,"8":1,"9":0,"10":0,"11":0,"12":0,"13":0,"14":0,"15":0,"16":0,"17":0,"18":0,"19":0,"20":0,"21":0,"22":0,"23":0,"24":0,"25":0,"26":0,"27":0,"28":0,"29":0,"30":0,"31":0,"32":0,"33":0,"34":0,"35":0,"36":0,"37":0,"38":1,"39":0,"40":0,"41":1,"42":0,"43":0,"44":1,"45":0,"46":1,"47":0,"48":0,"49":0,"50":0,"51":0,"52":0},"b":{"1":[0,0],"2":[0,0],"3":[0,0],"4":[0,0],"5":[0,0],"6":[0,0],"7":[0,0],"8":[0,0]},"f":{"1":0,"2":0,"3":0,"4":0,"5":0,"6":0,"7":0,"8":0,"9":0,"10":0,"11":0,"12":0,"13":0},"fnMap":{"1":{"name":"(anonymous_1)","line":10,"loc":{"start":{"line":10,"column":17},"end":{"line":10,"column":68}}},"2":{"name":"(anonymous_2)","line":11,"loc":{"start":{"line":11,"column":41},"end":{"line":11,"column":61}}},"3":{"name":"(anonymous_3)","line":14,"loc":{"start":{"line":14,"column":51},"end":{"line":14,"column":74}}},"4":{"name":"(anonymous_4)","line":46,"loc":{"start":{"line":46,"column":8},"end":{"line":46,"column":37}}},"5":{"name":"(anonymous_5)","line":66,"loc":{"start":{"line":66,"column":61},"end":{"line":66,"column":82}}},"6":{"name":"(anonymous_6)","line":83,"loc":{"start":{"line":83,"column":7},"end":{"line":83,"column":22}}},"7":{"name":"getSpritesForSpritesheetTemplates","line":90,"loc":{"start":{"line":90,"column":4},"end":{"line":90,"column":62}}},"8":{"name":"(anonymous_8)","line":91,"loc":{"start":{"line":91,"column":38},"end":{"line":91,"column":56}}},"9":{"name":"addCoordinates","line":102,"loc":{"start":{"line":102,"column":4},"end":{"line":102,"column":67}}},"10":{"name":"(anonymous_10)","line":103,"loc":{"start":{"line":103,"column":31},"end":{"line":103,"column":59}}},"11":{"name":"getSpritesmithConfig","line":108,"loc":{"start":{"line":108,"column":4},"end":{"line":108,"column":41}}},"12":{"name":"collectErrors","line":114,"loc":{"start":{"line":114,"column":4},"end":{"line":114,"column":29}}},"13":{"name":"(anonymous_13)","line":116,"loc":{"start":{"line":116,"column":35},"end":{"line":116,"column":58}}}},"statementMap":{"1":{"start":{"line":1,"column":0},"end":{"line":1,"column":41}},"2":{"start":{"line":2,"column":0},"end":{"line":2,"column":27}},"3":{"start":{"line":3,"column":0},"end":{"line":3,"column":29}},"4":{"start":{"line":4,"column":0},"end":{"line":4,"column":26}},"5":{"start":{"line":6,"column":0},"end":{"line":6,"column":41}},"6":{"start":{"line":7,"column":0},"end":{"line":7,"column":37}},"7":{"start":{"line":8,"column":0},"end":{"line":8,"column":41}},"8":{"start":{"line":10,"column":0},"end":{"line":131,"column":2}},"9":{"start":{"line":11,"column":4},"end":{"line":13,"column":7}},"10":{"start":{"line":12,"column":8},"end":{"line":12,"column":82}},"11":{"start":{"line":14,"column":4},"end":{"line":27,"column":11}},"12":{"start":{"line":15,"column":8},"end":{"line":15,"column":76}},"13":{"start":{"line":16,"column":8},"end":{"line":22,"column":9}},"14":{"start":{"line":17,"column":12},"end":{"line":21,"column":13}},"15":{"start":{"line":24,"column":8},"end":{"line":24,"column":38}},"16":{"start":{"line":26,"column":8},"end":{"line":26,"column":19}},"17":{"start":{"line":29,"column":4},"end":{"line":29,"column":20}},"18":{"start":{"line":30,"column":4},"end":{"line":32,"column":5}},"19":{"start":{"line":31,"column":8},"end":{"line":31,"column":26}},"20":{"start":{"line":34,"column":4},"end":{"line":34,"column":67}},"21":{"start":{"line":35,"column":4},"end":{"line":35,"column":67}},"22":{"start":{"line":37,"column":4},"end":{"line":37,"column":69}},"23":{"start":{"line":38,"column":4},"end":{"line":38,"column":69}},"24":{"start":{"line":39,"column":4},"end":{"line":39,"column":81}},"25":{"start":{"line":41,"column":4},"end":{"line":88,"column":7}},"26":{"start":{"line":47,"column":12},"end":{"line":47,"column":91}},"27":{"start":{"line":48,"column":12},"end":{"line":48,"column":91}},"28":{"start":{"line":50,"column":12},"end":{"line":50,"column":91}},"29":{"start":{"line":51,"column":12},"end":{"line":51,"column":98}},"30":{"start":{"line":53,"column":12},"end":{"line":72,"column":14}},"31":{"start":{"line":67,"column":20},"end":{"line":70,"column":22}},"32":{"start":{"line":74,"column":12},"end":{"line":74,"column":79}},"33":{"start":{"line":75,"column":12},"end":{"line":75,"column":85}},"34":{"start":{"line":77,"column":12},"end":{"line":81,"column":24}},"35":{"start":{"line":84,"column":8},"end":{"line":86,"column":9}},"36":{"start":{"line":85,"column":12},"end":{"line":85,"column":40}},"37":{"start":{"line":87,"column":8},"end":{"line":87,"column":19}},"38":{"start":{"line":90,"column":4},"end":{"line":100,"column":5}},"39":{"start":{"line":91,"column":8},"end":{"line":99,"column":11}},"40":{"start":{"line":92,"column":12},"end":{"line":98,"column":14}},"41":{"start":{"line":102,"column":4},"end":{"line":106,"column":5}},"42":{"start":{"line":103,"column":8},"end":{"line":105,"column":11}},"43":{"start":{"line":104,"column":12},"end":{"line":104,"column":57}},"44":{"start":{"line":108,"column":4},"end":{"line":112,"column":5}},"45":{"start":{"line":109,"column":8},"end":{"line":111,"column":11}},"46":{"start":{"line":114,"column":4},"end":{"line":130,"column":5}},"47":{"start":{"line":115,"column":8},"end":{"line":115,"column":44}},"48":{"start":{"line":116,"column":8},"end":{"line":129,"column":11}},"49":{"start":{"line":117,"column":12},"end":{"line":122,"column":13}},"50":{"start":{"line":118,"column":16},"end":{"line":121,"column":19}},"51":{"start":{"line":123,"column":12},"end":{"line":128,"column":13}},"52":{"start":{"line":124,"column":16},"end":{"line":127,"column":19}}},"branchMap":{"1":{"line":16,"type":"if","locations":[{"start":{"line":16,"column":8},"end":{"line":16,"column":8}},{"start":{"line":16,"column":8},"end":{"line":16,"column":8}}]},"2":{"line":30,"type":"if","locations":[{"start":{"line":30,"column":4},"end":{"line":30,"column":4}},{"start":{"line":30,"column":4},"end":{"line":30,"column":4}}]},"3":{"line":39,"type":"binary-expr","locations":[{"start":{"line":39,"column":39},"end":{"line":39,"column":70}},{"start":{"line":39,"column":74},"end":{"line":39,"column":75}}]},"4":{"line":84,"type":"if","locations":[{"start":{"line":84,"column":8},"end":{"line":84,"column":8}},{"start":{"line":84,"column":8},"end":{"line":84,"column":8}}]},"5":{"line":117,"type":"if","locations":[{"start":{"line":117,"column":12},"end":{"line":117,"column":12}},{"start":{"line":117,"column":12},"end":{"line":117,"column":12}}]},"6":{"line":117,"type":"binary-expr","locations":[{"start":{"line":117,"column":16},"end":{"line":117,"column":28}},{"start":{"line":117,"column":32},"end":{"line":117,"column":45}}]},"7":{"line":123,"type":"if","locations":[{"start":{"line":123,"column":12},"end":{"line":123,"column":12}},{"start":{"line":123,"column":12},"end":{"line":123,"column":12}}]},"8":{"line":123,"type":"binary-expr","locations":[{"start":{"line":123,"column":16},"end":{"line":123,"column":29}},{"start":{"line":123,"column":33},"end":{"line":123,"column":45}}]}},"code":["var Spritesmith = require('spritesmith');","var path = require('path');","var async = require('async');","var _ = require('lodash');","","var substitute = require('./substitute');","var writeCSS = require('./writeCSS');","var writeFileR = require('./writeFileR');","","module.exports = function (options, metaOutput, srcFiles, callback) {","    var classifiedSources = srcFiles.map(function (fileName) {","        return options.retina.classifier(path.resolve(options.src.cwd, fileName));","    });","    var grouppedSources = classifiedSources.reduce(function (acc, source) {","        var name = options.apiOptions.generateSpriteName(source.normalName);","        if (!(name in acc)) {","            acc[name] = {","                apiName: name,","                normalName: source.normalName,","                retinaName: source.retinaName","            }","        }","","        acc[name][source.type] = true;","","        return acc;","    }, {});","","    collectErrors();","    if (metaOutput.errors.length !== 0) {","        return callback();","    }","","    var groupByRetinaName = _.keyBy(grouppedSources, 'retinaName');","    var groupByNormalName = _.keyBy(grouppedSources, 'normalName');","","    var normalSpritesmithConfig = getSpritesmithConfig('normalName');","    var retinaSpritesmithConfig = getSpritesmithConfig('retinaName');","    retinaSpritesmithConfig.padding = (normalSpritesmithConfig.padding || 0) * 2;","","    async.waterfall([","        async.parallel.bind(async, [","            Spritesmith.run.bind(Spritesmith, normalSpritesmithConfig),","            Spritesmith.run.bind(Spritesmith, retinaSpritesmithConfig)","        ]),","        function (results, callback) {","            addCoordinates(groupByNormalName, 'normalCoordinates', results[0].coordinates);","            addCoordinates(groupByRetinaName, 'retinaCoordinates', results[1].coordinates);","","            var normalSprites = getSpritesForSpritesheetTemplates('', 'normalCoordinates');","            var retinaSprites = getSpritesForSpritesheetTemplates('retina_', 'retinaCoordinates');","","            var spritesheetTemplatesData = {","                sprites: normalSprites,","                spritesheet: {","                    width: results[0].properties.width,","                    height: results[0].properties.height,","                    image: substitute(options.apiOptions.cssImageRef, results[0])","                },","                retina_sprites: retinaSprites,","                retina_spritesheet: {","                    width: results[1].properties.width,","                    height: results[1].properties.height,","                    image: substitute(options.retina.cssImageRef, results[1])","                },","                retina_groups: _.values(grouppedSources).map(function (sprite, i) {","                    return {","                        name: sprite.apiName,","                        index: i","                    };","                })","            };","","            var normalImageName = substitute(options.target.image, results[0]);","            var retinaImageName = substitute(options.retina.targetImage, results[1]);","","            async.parallel([","                writeCSS.bind(null, options.target.css, spritesheetTemplatesData),","                writeFileR.bind(null, normalImageName, results[0].image, 'binary'),","                writeFileR.bind(null, retinaImageName, results[1].image, 'binary')","            ], callback)","        }","    ], function (err) {","        if (err) {","            metaOutput.errors.push(err);","        }","        callback();","    });","","    function getSpritesForSpritesheetTemplates(prefix, field) {","        return _.map(grouppedSources, function (sprite) {","            return {","                name: prefix + sprite.apiName,","                x: sprite[field].x,","                y: sprite[field].y,","                width: sprite[field].width,","                height: sprite[field].height","            };","        });","    }","","    function addCoordinates(groups, coordinatesField, coordinates) {","        _.forEach(coordinates, function(coordinates, name) {","            groups[name][coordinatesField] = coordinates;","        });","    }","","    function getSpritesmithConfig(field) {","        return _.merge({}, options.spritesmithOptions, {","            src: _.map(grouppedSources, field)","        });","    }","","    function collectErrors() {","        var errors = metaOutput.errors = [];","        _.forEach(grouppedSources, function (group, name) {","            if (group.retina && !group.normal) {","                errors.push(new Error(","                    'webpack-spritesmith: no normal source for sprite \"' + name +","                    '\" expected file name is ' + group.normalName","                ));","            }","            if (!group.retina && group.normal) {","                errors.push(new Error(","                    'webpack-spritesmith: no retina source for sprite \"' + name +","                    '\" expected file name is ' + group.retinaName","                ));","            }","        });","    }","};",""],"l":{"1":1,"2":1,"3":1,"4":1,"6":1,"7":1,"8":1,"10":1,"11":0,"12":0,"14":0,"15":0,"16":0,"17":0,"24":0,"26":0,"29":0,"30":0,"31":0,"34":0,"35":0,"37":0,"38":0,"39":0,"41":0,"47":0,"48":0,"50":0,"51":0,"53":0,"67":0,"74":0,"75":0,"77":0,"84":0,"85":0,"87":0,"90":1,"91":0,"92":0,"102":1,"103":0,"104":0,"108":1,"109":0,"114":1,"115":0,"116":0,"117":0,"118":0,"123":0,"124":0}}}